{"numFailedTestSuites":1,"numFailedTests":29,"numPassedTestSuites":4,"numPassedTests":48,"numPendingTestSuites":0,"numPendingTests":0,"numRuntimeErrorTestSuites":0,"numTodoTests":0,"numTotalTestSuites":5,"numTotalTests":77,"openHandles":[],"snapshot":{"added":0,"didUpdate":false,"failure":false,"filesAdded":0,"filesRemoved":0,"filesRemovedList":[],"filesUnmatched":0,"filesUpdated":0,"matched":0,"total":0,"unchecked":0,"uncheckedKeysByFile":[],"unmatched":0,"updated":0},"startTime":1770673152148,"success":false,"testResults":[{"assertionResults":[{"ancestorTitles":["db.js (IndexedDB-backed) unit tests"],"duration":4,"failureDetails":[{}],"failureMessages":["ReferenceError: structuredClone is not defined\n    at cloneValueForInsertion (/Users/applesucks/dev/sceencast/node_modules/.pnpm/fake-indexeddb@6.2.5/node_modules/fake-indexeddb/build/esm/lib/cloneValueForInsertion.js:19:5)\n    at buildRecordAddPut (/Users/applesucks/dev/sceencast/node_modules/.pnpm/fake-indexeddb@6.2.5/node_modules/fake-indexeddb/build/esm/FDBObjectStore.js:36:17)\n    at FDBObjectStore.put (/Users/applesucks/dev/sceencast/node_modules/.pnpm/fake-indexeddb@6.2.5/node_modules/fake-indexeddb/build/esm/FDBObjectStore.js:127:20)\n    at /Users/applesucks/dev/sceencast/db.js:63:27\n    at new Promise (<anonymous>)\n    at finishRecording (/Users/applesucks/dev/sceencast/db.js:60:10)\n    at runNextTicks (node:internal/process/task_queues:65:5)\n    at processImmediate (node:internal/timers:473:9)\n    at Object.<anonymous> (/Users/applesucks/dev/sceencast/tests/unit/db.test.js:24:5)"],"fullName":"db.js (IndexedDB-backed) unit tests saveChunk + finishRecording + getRecording: saves chunks and reassembles blob in order","invocations":1,"location":null,"numPassingAsserts":0,"retryReasons":[],"status":"failed","title":"saveChunk + finishRecording + getRecording: saves chunks and reassembles blob in order"},{"ancestorTitles":["db.js (IndexedDB-backed) unit tests"],"duration":5000,"failureDetails":[{"message":"thrown: \"Exceeded timeout of 5000 ms for a test.\nAdd a timeout value to this test to increase the timeout, if this is a long-running test. See https://jestjs.io/docs/api#testname-fn-timeout.\""}],"failureMessages":["Error: thrown: \"Exceeded timeout of 5000 ms for a test.\nAdd a timeout value to this test to increase the timeout, if this is a long-running test. See https://jestjs.io/docs/api#testname-fn-timeout.\"\n    at /Users/applesucks/dev/sceencast/tests/unit/db.test.js:41:3\n    at _dispatchDescribe (/Users/applesucks/dev/sceencast/node_modules/.pnpm/jest-circus@29.7.0/node_modules/jest-circus/build/index.js:91:26)\n    at describe (/Users/applesucks/dev/sceencast/node_modules/.pnpm/jest-circus@29.7.0/node_modules/jest-circus/build/index.js:55:5)\n    at /Users/applesucks/dev/sceencast/tests/unit/db.test.js:22:1\n    at SourceTextModule.evaluate (node:internal/vm/module:228:23)\n    at Runtime.linkAndEvaluateModule (/Users/applesucks/dev/sceencast/node_modules/.pnpm/jest-runtime@29.7.0/node_modules/jest-runtime/build/index.js:710:20)\n    at jestAdapter (/Users/applesucks/dev/sceencast/node_modules/.pnpm/jest-circus@29.7.0/node_modules/jest-circus/build/legacy-code-todo-rewrite/jestAdapter.js:75:5)\n    at runTestInternal (/Users/applesucks/dev/sceencast/node_modules/.pnpm/jest-runner@29.7.0/node_modules/jest-runner/build/runTest.js:367:16)\n    at runTest (/Users/applesucks/dev/sceencast/node_modules/.pnpm/jest-runner@29.7.0/node_modules/jest-runner/build/runTest.js:444:34)"],"fullName":"db.js (IndexedDB-backed) unit tests deleteRecording: removes metadata and chunks","invocations":1,"location":null,"numPassingAsserts":0,"retryReasons":[],"status":"failed","title":"deleteRecording: removes metadata and chunks"},{"ancestorTitles":["db.js (IndexedDB-backed) unit tests"],"duration":5000,"failureDetails":[{"message":"thrown: \"Exceeded timeout of 5000 ms for a hook.\nAdd a timeout value to this test to increase the timeout, if this is a long-running test. See https://jestjs.io/docs/api#testname-fn-timeout.\""}],"failureMessages":["Error: thrown: \"Exceeded timeout of 5000 ms for a hook.\nAdd a timeout value to this test to increase the timeout, if this is a long-running test. See https://jestjs.io/docs/api#testname-fn-timeout.\"\n    at /Users/applesucks/dev/sceencast/tests/unit/db.test.js:13:1\n    at SourceTextModule.evaluate (node:internal/vm/module:228:23)\n    at Runtime.linkAndEvaluateModule (/Users/applesucks/dev/sceencast/node_modules/.pnpm/jest-runtime@29.7.0/node_modules/jest-runtime/build/index.js:710:20)\n    at jestAdapter (/Users/applesucks/dev/sceencast/node_modules/.pnpm/jest-circus@29.7.0/node_modules/jest-circus/build/legacy-code-todo-rewrite/jestAdapter.js:75:5)\n    at runTestInternal (/Users/applesucks/dev/sceencast/node_modules/.pnpm/jest-runner@29.7.0/node_modules/jest-runner/build/runTest.js:367:16)\n    at runTest (/Users/applesucks/dev/sceencast/node_modules/.pnpm/jest-runner@29.7.0/node_modules/jest-runner/build/runTest.js:444:34)"],"fullName":"db.js (IndexedDB-backed) unit tests cleanupOldRecordings: deletes recordings older than threshold","invocations":1,"location":null,"numPassingAsserts":0,"retryReasons":[],"status":"failed","title":"cleanupOldRecordings: deletes recordings older than threshold"},{"ancestorTitles":["db.js (IndexedDB-backed) unit tests"],"duration":5000,"failureDetails":[{"message":"thrown: \"Exceeded timeout of 5000 ms for a hook.\nAdd a timeout value to this test to increase the timeout, if this is a long-running test. See https://jestjs.io/docs/api#testname-fn-timeout.\""}],"failureMessages":["Error: thrown: \"Exceeded timeout of 5000 ms for a hook.\nAdd a timeout value to this test to increase the timeout, if this is a long-running test. See https://jestjs.io/docs/api#testname-fn-timeout.\"\n    at /Users/applesucks/dev/sceencast/tests/unit/db.test.js:13:1\n    at SourceTextModule.evaluate (node:internal/vm/module:228:23)\n    at Runtime.linkAndEvaluateModule (/Users/applesucks/dev/sceencast/node_modules/.pnpm/jest-runtime@29.7.0/node_modules/jest-runtime/build/index.js:710:20)\n    at jestAdapter (/Users/applesucks/dev/sceencast/node_modules/.pnpm/jest-circus@29.7.0/node_modules/jest-circus/build/legacy-code-todo-rewrite/jestAdapter.js:75:5)\n    at runTestInternal (/Users/applesucks/dev/sceencast/node_modules/.pnpm/jest-runner@29.7.0/node_modules/jest-runner/build/runTest.js:367:16)\n    at runTest (/Users/applesucks/dev/sceencast/node_modules/.pnpm/jest-runner@29.7.0/node_modules/jest-runner/build/runTest.js:444:34)"],"fullName":"db.js (IndexedDB-backed) unit tests saveChunk: propagates open() failure","invocations":1,"location":null,"numPassingAsserts":0,"retryReasons":[],"status":"failed","title":"saveChunk: propagates open() failure"},{"ancestorTitles":["db.js (IndexedDB-backed) unit tests"],"duration":5000,"failureDetails":[{"message":"thrown: \"Exceeded timeout of 5000 ms for a hook.\nAdd a timeout value to this test to increase the timeout, if this is a long-running test. See https://jestjs.io/docs/api#testname-fn-timeout.\""}],"failureMessages":["Error: thrown: \"Exceeded timeout of 5000 ms for a hook.\nAdd a timeout value to this test to increase the timeout, if this is a long-running test. See https://jestjs.io/docs/api#testname-fn-timeout.\"\n    at /Users/applesucks/dev/sceencast/tests/unit/db.test.js:13:1\n    at SourceTextModule.evaluate (node:internal/vm/module:228:23)\n    at Runtime.linkAndEvaluateModule (/Users/applesucks/dev/sceencast/node_modules/.pnpm/jest-runtime@29.7.0/node_modules/jest-runtime/build/index.js:710:20)\n    at jestAdapter (/Users/applesucks/dev/sceencast/node_modules/.pnpm/jest-circus@29.7.0/node_modules/jest-circus/build/legacy-code-todo-rewrite/jestAdapter.js:75:5)\n    at runTestInternal (/Users/applesucks/dev/sceencast/node_modules/.pnpm/jest-runner@29.7.0/node_modules/jest-runner/build/runTest.js:367:16)\n    at runTest (/Users/applesucks/dev/sceencast/node_modules/.pnpm/jest-runner@29.7.0/node_modules/jest-runner/build/runTest.js:444:34)"],"fullName":"db.js (IndexedDB-backed) unit tests finishRecording: propagates open() failure","invocations":1,"location":null,"numPassingAsserts":0,"retryReasons":[],"status":"failed","title":"finishRecording: propagates open() failure"},{"ancestorTitles":["db.js (IndexedDB-backed) unit tests"],"duration":5000,"failureDetails":[{"message":"thrown: \"Exceeded timeout of 5000 ms for a hook.\nAdd a timeout value to this test to increase the timeout, if this is a long-running test. See https://jestjs.io/docs/api#testname-fn-timeout.\""}],"failureMessages":["Error: thrown: \"Exceeded timeout of 5000 ms for a hook.\nAdd a timeout value to this test to increase the timeout, if this is a long-running test. See https://jestjs.io/docs/api#testname-fn-timeout.\"\n    at /Users/applesucks/dev/sceencast/tests/unit/db.test.js:13:1\n    at SourceTextModule.evaluate (node:internal/vm/module:228:23)\n    at Runtime.linkAndEvaluateModule (/Users/applesucks/dev/sceencast/node_modules/.pnpm/jest-runtime@29.7.0/node_modules/jest-runtime/build/index.js:710:20)\n    at jestAdapter (/Users/applesucks/dev/sceencast/node_modules/.pnpm/jest-circus@29.7.0/node_modules/jest-circus/build/legacy-code-todo-rewrite/jestAdapter.js:75:5)\n    at runTestInternal (/Users/applesucks/dev/sceencast/node_modules/.pnpm/jest-runner@29.7.0/node_modules/jest-runner/build/runTest.js:367:16)\n    at runTest (/Users/applesucks/dev/sceencast/node_modules/.pnpm/jest-runner@29.7.0/node_modules/jest-runner/build/runTest.js:444:34)"],"fullName":"db.js (IndexedDB-backed) unit tests getRecording: returns null for missing recording and handles open() failure","invocations":1,"location":null,"numPassingAsserts":0,"retryReasons":[],"status":"failed","title":"getRecording: returns null for missing recording and handles open() failure"},{"ancestorTitles":["db.js (IndexedDB-backed) unit tests"],"duration":5000,"failureDetails":[{"message":"thrown: \"Exceeded timeout of 5000 ms for a hook.\nAdd a timeout value to this test to increase the timeout, if this is a long-running test. See https://jestjs.io/docs/api#testname-fn-timeout.\""}],"failureMessages":["Error: thrown: \"Exceeded timeout of 5000 ms for a hook.\nAdd a timeout value to this test to increase the timeout, if this is a long-running test. See https://jestjs.io/docs/api#testname-fn-timeout.\"\n    at /Users/applesucks/dev/sceencast/tests/unit/db.test.js:13:1\n    at SourceTextModule.evaluate (node:internal/vm/module:228:23)\n    at Runtime.linkAndEvaluateModule (/Users/applesucks/dev/sceencast/node_modules/.pnpm/jest-runtime@29.7.0/node_modules/jest-runtime/build/index.js:710:20)\n    at jestAdapter (/Users/applesucks/dev/sceencast/node_modules/.pnpm/jest-circus@29.7.0/node_modules/jest-circus/build/legacy-code-todo-rewrite/jestAdapter.js:75:5)\n    at runTestInternal (/Users/applesucks/dev/sceencast/node_modules/.pnpm/jest-runner@29.7.0/node_modules/jest-runner/build/runTest.js:367:16)\n    at runTest (/Users/applesucks/dev/sceencast/node_modules/.pnpm/jest-runner@29.7.0/node_modules/jest-runner/build/runTest.js:444:34)"],"fullName":"db.js (IndexedDB-backed) unit tests deleteRecording: propagates open() failure","invocations":1,"location":null,"numPassingAsserts":0,"retryReasons":[],"status":"failed","title":"deleteRecording: propagates open() failure"},{"ancestorTitles":["db.js (IndexedDB-backed) unit tests"],"duration":5000,"failureDetails":[{"message":"thrown: \"Exceeded timeout of 5000 ms for a hook.\nAdd a timeout value to this test to increase the timeout, if this is a long-running test. See https://jestjs.io/docs/api#testname-fn-timeout.\""}],"failureMessages":["Error: thrown: \"Exceeded timeout of 5000 ms for a hook.\nAdd a timeout value to this test to increase the timeout, if this is a long-running test. See https://jestjs.io/docs/api#testname-fn-timeout.\"\n    at /Users/applesucks/dev/sceencast/tests/unit/db.test.js:13:1\n    at SourceTextModule.evaluate (node:internal/vm/module:228:23)\n    at Runtime.linkAndEvaluateModule (/Users/applesucks/dev/sceencast/node_modules/.pnpm/jest-runtime@29.7.0/node_modules/jest-runtime/build/index.js:710:20)\n    at jestAdapter (/Users/applesucks/dev/sceencast/node_modules/.pnpm/jest-circus@29.7.0/node_modules/jest-circus/build/legacy-code-todo-rewrite/jestAdapter.js:75:5)\n    at runTestInternal (/Users/applesucks/dev/sceencast/node_modules/.pnpm/jest-runner@29.7.0/node_modules/jest-runner/build/runTest.js:367:16)\n    at runTest (/Users/applesucks/dev/sceencast/node_modules/.pnpm/jest-runner@29.7.0/node_modules/jest-runner/build/runTest.js:444:34)"],"fullName":"db.js (IndexedDB-backed) unit tests cleanupOldRecordings: propagates open() failure","invocations":1,"location":null,"numPassingAsserts":0,"retryReasons":[],"status":"failed","title":"cleanupOldRecordings: propagates open() failure"},{"ancestorTitles":["db.js","Database Schema"],"duration":4999,"failureDetails":[{"message":"thrown: \"Exceeded timeout of 5000 ms for a hook.\nAdd a timeout value to this test to increase the timeout, if this is a long-running test. See https://jestjs.io/docs/api#testname-fn-timeout.\""}],"failureMessages":["Error: thrown: \"Exceeded timeout of 5000 ms for a hook.\nAdd a timeout value to this test to increase the timeout, if this is a long-running test. See https://jestjs.io/docs/api#testname-fn-timeout.\"\n    at /Users/applesucks/dev/sceencast/tests/unit/db.test.js:13:1\n    at SourceTextModule.evaluate (node:internal/vm/module:228:23)\n    at Runtime.linkAndEvaluateModule (/Users/applesucks/dev/sceencast/node_modules/.pnpm/jest-runtime@29.7.0/node_modules/jest-runtime/build/index.js:710:20)\n    at jestAdapter (/Users/applesucks/dev/sceencast/node_modules/.pnpm/jest-circus@29.7.0/node_modules/jest-circus/build/legacy-code-todo-rewrite/jestAdapter.js:75:5)\n    at runTestInternal (/Users/applesucks/dev/sceencast/node_modules/.pnpm/jest-runner@29.7.0/node_modules/jest-runner/build/runTest.js:367:16)\n    at runTest (/Users/applesucks/dev/sceencast/node_modules/.pnpm/jest-runner@29.7.0/node_modules/jest-runner/build/runTest.js:444:34)"],"fullName":"db.js Database Schema should use correct database name and version","invocations":1,"location":null,"numPassingAsserts":0,"retryReasons":[],"status":"failed","title":"should use correct database name and version"},{"ancestorTitles":["db.js","saveChunk"],"duration":4999,"failureDetails":[{"message":"thrown: \"Exceeded timeout of 5000 ms for a hook.\nAdd a timeout value to this test to increase the timeout, if this is a long-running test. See https://jestjs.io/docs/api#testname-fn-timeout.\""}],"failureMessages":["Error: thrown: \"Exceeded timeout of 5000 ms for a hook.\nAdd a timeout value to this test to increase the timeout, if this is a long-running test. See https://jestjs.io/docs/api#testname-fn-timeout.\"\n    at /Users/applesucks/dev/sceencast/tests/unit/db.test.js:13:1\n    at SourceTextModule.evaluate (node:internal/vm/module:228:23)\n    at Runtime.linkAndEvaluateModule (/Users/applesucks/dev/sceencast/node_modules/.pnpm/jest-runtime@29.7.0/node_modules/jest-runtime/build/index.js:710:20)\n    at jestAdapter (/Users/applesucks/dev/sceencast/node_modules/.pnpm/jest-circus@29.7.0/node_modules/jest-circus/build/legacy-code-todo-rewrite/jestAdapter.js:75:5)\n    at runTestInternal (/Users/applesucks/dev/sceencast/node_modules/.pnpm/jest-runner@29.7.0/node_modules/jest-runner/build/runTest.js:367:16)\n    at runTest (/Users/applesucks/dev/sceencast/node_modules/.pnpm/jest-runner@29.7.0/node_modules/jest-runner/build/runTest.js:444:34)"],"fullName":"db.js saveChunk should save chunk with recordingId and index","invocations":1,"location":null,"numPassingAsserts":0,"retryReasons":[],"status":"failed","title":"should save chunk with recordingId and index"},{"ancestorTitles":["db.js","finishRecording"],"duration":4999,"failureDetails":[{"message":"thrown: \"Exceeded timeout of 5000 ms for a hook.\nAdd a timeout value to this test to increase the timeout, if this is a long-running test. See https://jestjs.io/docs/api#testname-fn-timeout.\""}],"failureMessages":["Error: thrown: \"Exceeded timeout of 5000 ms for a hook.\nAdd a timeout value to this test to increase the timeout, if this is a long-running test. See https://jestjs.io/docs/api#testname-fn-timeout.\"\n    at /Users/applesucks/dev/sceencast/tests/unit/db.test.js:13:1\n    at SourceTextModule.evaluate (node:internal/vm/module:228:23)\n    at Runtime.linkAndEvaluateModule (/Users/applesucks/dev/sceencast/node_modules/.pnpm/jest-runtime@29.7.0/node_modules/jest-runtime/build/index.js:710:20)\n    at jestAdapter (/Users/applesucks/dev/sceencast/node_modules/.pnpm/jest-circus@29.7.0/node_modules/jest-circus/build/legacy-code-todo-rewrite/jestAdapter.js:75:5)\n    at runTestInternal (/Users/applesucks/dev/sceencast/node_modules/.pnpm/jest-runner@29.7.0/node_modules/jest-runner/build/runTest.js:367:16)\n    at runTest (/Users/applesucks/dev/sceencast/node_modules/.pnpm/jest-runner@29.7.0/node_modules/jest-runner/build/runTest.js:444:34)"],"fullName":"db.js finishRecording should save recording metadata","invocations":1,"location":null,"numPassingAsserts":0,"retryReasons":[],"status":"failed","title":"should save recording metadata"},{"ancestorTitles":["db.js","getRecording"],"duration":5000,"failureDetails":[{"message":"thrown: \"Exceeded timeout of 5000 ms for a hook.\nAdd a timeout value to this test to increase the timeout, if this is a long-running test. See https://jestjs.io/docs/api#testname-fn-timeout.\""}],"failureMessages":["Error: thrown: \"Exceeded timeout of 5000 ms for a hook.\nAdd a timeout value to this test to increase the timeout, if this is a long-running test. See https://jestjs.io/docs/api#testname-fn-timeout.\"\n    at /Users/applesucks/dev/sceencast/tests/unit/db.test.js:13:1\n    at SourceTextModule.evaluate (node:internal/vm/module:228:23)\n    at Runtime.linkAndEvaluateModule (/Users/applesucks/dev/sceencast/node_modules/.pnpm/jest-runtime@29.7.0/node_modules/jest-runtime/build/index.js:710:20)\n    at jestAdapter (/Users/applesucks/dev/sceencast/node_modules/.pnpm/jest-circus@29.7.0/node_modules/jest-circus/build/legacy-code-todo-rewrite/jestAdapter.js:75:5)\n    at runTestInternal (/Users/applesucks/dev/sceencast/node_modules/.pnpm/jest-runner@29.7.0/node_modules/jest-runner/build/runTest.js:367:16)\n    at runTest (/Users/applesucks/dev/sceencast/node_modules/.pnpm/jest-runner@29.7.0/node_modules/jest-runner/build/runTest.js:444:34)"],"fullName":"db.js getRecording should retrieve recording by id","invocations":1,"location":null,"numPassingAsserts":0,"retryReasons":[],"status":"failed","title":"should retrieve recording by id"},{"ancestorTitles":["db.js","getRecording"],"duration":5000,"failureDetails":[{"message":"thrown: \"Exceeded timeout of 5000 ms for a hook.\nAdd a timeout value to this test to increase the timeout, if this is a long-running test. See https://jestjs.io/docs/api#testname-fn-timeout.\""}],"failureMessages":["Error: thrown: \"Exceeded timeout of 5000 ms for a hook.\nAdd a timeout value to this test to increase the timeout, if this is a long-running test. See https://jestjs.io/docs/api#testname-fn-timeout.\"\n    at /Users/applesucks/dev/sceencast/tests/unit/db.test.js:13:1\n    at SourceTextModule.evaluate (node:internal/vm/module:228:23)\n    at Runtime.linkAndEvaluateModule (/Users/applesucks/dev/sceencast/node_modules/.pnpm/jest-runtime@29.7.0/node_modules/jest-runtime/build/index.js:710:20)\n    at jestAdapter (/Users/applesucks/dev/sceencast/node_modules/.pnpm/jest-circus@29.7.0/node_modules/jest-circus/build/legacy-code-todo-rewrite/jestAdapter.js:75:5)\n    at runTestInternal (/Users/applesucks/dev/sceencast/node_modules/.pnpm/jest-runner@29.7.0/node_modules/jest-runner/build/runTest.js:367:16)\n    at runTest (/Users/applesucks/dev/sceencast/node_modules/.pnpm/jest-runner@29.7.0/node_modules/jest-runner/build/runTest.js:444:34)"],"fullName":"db.js getRecording should reconstruct blob from chunks","invocations":1,"location":null,"numPassingAsserts":0,"retryReasons":[],"status":"failed","title":"should reconstruct blob from chunks"},{"ancestorTitles":["db.js","deleteRecording"],"duration":5000,"failureDetails":[{"message":"thrown: \"Exceeded timeout of 5000 ms for a hook.\nAdd a timeout value to this test to increase the timeout, if this is a long-running test. See https://jestjs.io/docs/api#testname-fn-timeout.\""}],"failureMessages":["Error: thrown: \"Exceeded timeout of 5000 ms for a hook.\nAdd a timeout value to this test to increase the timeout, if this is a long-running test. See https://jestjs.io/docs/api#testname-fn-timeout.\"\n    at /Users/applesucks/dev/sceencast/tests/unit/db.test.js:13:1\n    at SourceTextModule.evaluate (node:internal/vm/module:228:23)\n    at Runtime.linkAndEvaluateModule (/Users/applesucks/dev/sceencast/node_modules/.pnpm/jest-runtime@29.7.0/node_modules/jest-runtime/build/index.js:710:20)\n    at jestAdapter (/Users/applesucks/dev/sceencast/node_modules/.pnpm/jest-circus@29.7.0/node_modules/jest-circus/build/legacy-code-todo-rewrite/jestAdapter.js:75:5)\n    at runTestInternal (/Users/applesucks/dev/sceencast/node_modules/.pnpm/jest-runner@29.7.0/node_modules/jest-runner/build/runTest.js:367:16)\n    at runTest (/Users/applesucks/dev/sceencast/node_modules/.pnpm/jest-runner@29.7.0/node_modules/jest-runner/build/runTest.js:444:34)"],"fullName":"db.js deleteRecording should delete recording and associated chunks","invocations":1,"location":null,"numPassingAsserts":0,"retryReasons":[],"status":"failed","title":"should delete recording and associated chunks"},{"ancestorTitles":["db.js","getAllRecordings"],"duration":5000,"failureDetails":[{"message":"thrown: \"Exceeded timeout of 5000 ms for a hook.\nAdd a timeout value to this test to increase the timeout, if this is a long-running test. See https://jestjs.io/docs/api#testname-fn-timeout.\""}],"failureMessages":["Error: thrown: \"Exceeded timeout of 5000 ms for a hook.\nAdd a timeout value to this test to increase the timeout, if this is a long-running test. See https://jestjs.io/docs/api#testname-fn-timeout.\"\n    at /Users/applesucks/dev/sceencast/tests/unit/db.test.js:13:1\n    at SourceTextModule.evaluate (node:internal/vm/module:228:23)\n    at Runtime.linkAndEvaluateModule (/Users/applesucks/dev/sceencast/node_modules/.pnpm/jest-runtime@29.7.0/node_modules/jest-runtime/build/index.js:710:20)\n    at jestAdapter (/Users/applesucks/dev/sceencast/node_modules/.pnpm/jest-circus@29.7.0/node_modules/jest-circus/build/legacy-code-todo-rewrite/jestAdapter.js:75:5)\n    at runTestInternal (/Users/applesucks/dev/sceencast/node_modules/.pnpm/jest-runner@29.7.0/node_modules/jest-runner/build/runTest.js:367:16)\n    at runTest (/Users/applesucks/dev/sceencast/node_modules/.pnpm/jest-runner@29.7.0/node_modules/jest-runner/build/runTest.js:444:34)"],"fullName":"db.js getAllRecordings should return all recordings ordered by date","invocations":1,"location":null,"numPassingAsserts":0,"retryReasons":[],"status":"failed","title":"should return all recordings ordered by date"},{"ancestorTitles":["db.js","cleanupOldRecordings"],"duration":5000,"failureDetails":[{"message":"thrown: \"Exceeded timeout of 5000 ms for a hook.\nAdd a timeout value to this test to increase the timeout, if this is a long-running test. See https://jestjs.io/docs/api#testname-fn-timeout.\""}],"failureMessages":["Error: thrown: \"Exceeded timeout of 5000 ms for a hook.\nAdd a timeout value to this test to increase the timeout, if this is a long-running test. See https://jestjs.io/docs/api#testname-fn-timeout.\"\n    at /Users/applesucks/dev/sceencast/tests/unit/db.test.js:13:1\n    at SourceTextModule.evaluate (node:internal/vm/module:228:23)\n    at Runtime.linkAndEvaluateModule (/Users/applesucks/dev/sceencast/node_modules/.pnpm/jest-runtime@29.7.0/node_modules/jest-runtime/build/index.js:710:20)\n    at jestAdapter (/Users/applesucks/dev/sceencast/node_modules/.pnpm/jest-circus@29.7.0/node_modules/jest-circus/build/legacy-code-todo-rewrite/jestAdapter.js:75:5)\n    at runTestInternal (/Users/applesucks/dev/sceencast/node_modules/.pnpm/jest-runner@29.7.0/node_modules/jest-runner/build/runTest.js:367:16)\n    at runTest (/Users/applesucks/dev/sceencast/node_modules/.pnpm/jest-runner@29.7.0/node_modules/jest-runner/build/runTest.js:444:34)"],"fullName":"db.js cleanupOldRecordings should delete recordings older than specified age","invocations":1,"location":null,"numPassingAsserts":0,"retryReasons":[],"status":"failed","title":"should delete recordings older than specified age"},{"ancestorTitles":["db.js - API Contract","expected exports"],"duration":4999,"failureDetails":[{"message":"thrown: \"Exceeded timeout of 5000 ms for a hook.\nAdd a timeout value to this test to increase the timeout, if this is a long-running test. See https://jestjs.io/docs/api#testname-fn-timeout.\""}],"failureMessages":["Error: thrown: \"Exceeded timeout of 5000 ms for a hook.\nAdd a timeout value to this test to increase the timeout, if this is a long-running test. See https://jestjs.io/docs/api#testname-fn-timeout.\"\n    at /Users/applesucks/dev/sceencast/tests/unit/db.test.js:13:1\n    at SourceTextModule.evaluate (node:internal/vm/module:228:23)\n    at Runtime.linkAndEvaluateModule (/Users/applesucks/dev/sceencast/node_modules/.pnpm/jest-runtime@29.7.0/node_modules/jest-runtime/build/index.js:710:20)\n    at jestAdapter (/Users/applesucks/dev/sceencast/node_modules/.pnpm/jest-circus@29.7.0/node_modules/jest-circus/build/legacy-code-todo-rewrite/jestAdapter.js:75:5)\n    at runTestInternal (/Users/applesucks/dev/sceencast/node_modules/.pnpm/jest-runner@29.7.0/node_modules/jest-runner/build/runTest.js:367:16)\n    at runTest (/Users/applesucks/dev/sceencast/node_modules/.pnpm/jest-runner@29.7.0/node_modules/jest-runner/build/runTest.js:444:34)"],"fullName":"db.js - API Contract expected exports should export saveChunk function","invocations":1,"location":null,"numPassingAsserts":0,"retryReasons":[],"status":"failed","title":"should export saveChunk function"},{"ancestorTitles":["db.js - API Contract","expected exports"],"duration":4999,"failureDetails":[{"message":"thrown: \"Exceeded timeout of 5000 ms for a hook.\nAdd a timeout value to this test to increase the timeout, if this is a long-running test. See https://jestjs.io/docs/api#testname-fn-timeout.\""}],"failureMessages":["Error: thrown: \"Exceeded timeout of 5000 ms for a hook.\nAdd a timeout value to this test to increase the timeout, if this is a long-running test. See https://jestjs.io/docs/api#testname-fn-timeout.\"\n    at /Users/applesucks/dev/sceencast/tests/unit/db.test.js:13:1\n    at SourceTextModule.evaluate (node:internal/vm/module:228:23)\n    at Runtime.linkAndEvaluateModule (/Users/applesucks/dev/sceencast/node_modules/.pnpm/jest-runtime@29.7.0/node_modules/jest-runtime/build/index.js:710:20)\n    at jestAdapter (/Users/applesucks/dev/sceencast/node_modules/.pnpm/jest-circus@29.7.0/node_modules/jest-circus/build/legacy-code-todo-rewrite/jestAdapter.js:75:5)\n    at runTestInternal (/Users/applesucks/dev/sceencast/node_modules/.pnpm/jest-runner@29.7.0/node_modules/jest-runner/build/runTest.js:367:16)\n    at runTest (/Users/applesucks/dev/sceencast/node_modules/.pnpm/jest-runner@29.7.0/node_modules/jest-runner/build/runTest.js:444:34)"],"fullName":"db.js - API Contract expected exports should export finishRecording function","invocations":1,"location":null,"numPassingAsserts":0,"retryReasons":[],"status":"failed","title":"should export finishRecording function"},{"ancestorTitles":["db.js - API Contract","expected exports"],"duration":4999,"failureDetails":[{"message":"thrown: \"Exceeded timeout of 5000 ms for a hook.\nAdd a timeout value to this test to increase the timeout, if this is a long-running test. See https://jestjs.io/docs/api#testname-fn-timeout.\""}],"failureMessages":["Error: thrown: \"Exceeded timeout of 5000 ms for a hook.\nAdd a timeout value to this test to increase the timeout, if this is a long-running test. See https://jestjs.io/docs/api#testname-fn-timeout.\"\n    at /Users/applesucks/dev/sceencast/tests/unit/db.test.js:13:1\n    at SourceTextModule.evaluate (node:internal/vm/module:228:23)\n    at Runtime.linkAndEvaluateModule (/Users/applesucks/dev/sceencast/node_modules/.pnpm/jest-runtime@29.7.0/node_modules/jest-runtime/build/index.js:710:20)\n    at jestAdapter (/Users/applesucks/dev/sceencast/node_modules/.pnpm/jest-circus@29.7.0/node_modules/jest-circus/build/legacy-code-todo-rewrite/jestAdapter.js:75:5)\n    at runTestInternal (/Users/applesucks/dev/sceencast/node_modules/.pnpm/jest-runner@29.7.0/node_modules/jest-runner/build/runTest.js:367:16)\n    at runTest (/Users/applesucks/dev/sceencast/node_modules/.pnpm/jest-runner@29.7.0/node_modules/jest-runner/build/runTest.js:444:34)"],"fullName":"db.js - API Contract expected exports should export getRecording function","invocations":1,"location":null,"numPassingAsserts":0,"retryReasons":[],"status":"failed","title":"should export getRecording function"},{"ancestorTitles":["db.js - API Contract","expected exports"],"duration":5000,"failureDetails":[{"message":"thrown: \"Exceeded timeout of 5000 ms for a hook.\nAdd a timeout value to this test to increase the timeout, if this is a long-running test. See https://jestjs.io/docs/api#testname-fn-timeout.\""}],"failureMessages":["Error: thrown: \"Exceeded timeout of 5000 ms for a hook.\nAdd a timeout value to this test to increase the timeout, if this is a long-running test. See https://jestjs.io/docs/api#testname-fn-timeout.\"\n    at /Users/applesucks/dev/sceencast/tests/unit/db.test.js:13:1\n    at SourceTextModule.evaluate (node:internal/vm/module:228:23)\n    at Runtime.linkAndEvaluateModule (/Users/applesucks/dev/sceencast/node_modules/.pnpm/jest-runtime@29.7.0/node_modules/jest-runtime/build/index.js:710:20)\n    at jestAdapter (/Users/applesucks/dev/sceencast/node_modules/.pnpm/jest-circus@29.7.0/node_modules/jest-circus/build/legacy-code-todo-rewrite/jestAdapter.js:75:5)\n    at runTestInternal (/Users/applesucks/dev/sceencast/node_modules/.pnpm/jest-runner@29.7.0/node_modules/jest-runner/build/runTest.js:367:16)\n    at runTest (/Users/applesucks/dev/sceencast/node_modules/.pnpm/jest-runner@29.7.0/node_modules/jest-runner/build/runTest.js:444:34)"],"fullName":"db.js - API Contract expected exports should export deleteRecording function","invocations":1,"location":null,"numPassingAsserts":0,"retryReasons":[],"status":"failed","title":"should export deleteRecording function"},{"ancestorTitles":["db.js - API Contract","expected exports"],"duration":5000,"failureDetails":[{"message":"thrown: \"Exceeded timeout of 5000 ms for a hook.\nAdd a timeout value to this test to increase the timeout, if this is a long-running test. See https://jestjs.io/docs/api#testname-fn-timeout.\""}],"failureMessages":["Error: thrown: \"Exceeded timeout of 5000 ms for a hook.\nAdd a timeout value to this test to increase the timeout, if this is a long-running test. See https://jestjs.io/docs/api#testname-fn-timeout.\"\n    at /Users/applesucks/dev/sceencast/tests/unit/db.test.js:13:1\n    at SourceTextModule.evaluate (node:internal/vm/module:228:23)\n    at Runtime.linkAndEvaluateModule (/Users/applesucks/dev/sceencast/node_modules/.pnpm/jest-runtime@29.7.0/node_modules/jest-runtime/build/index.js:710:20)\n    at jestAdapter (/Users/applesucks/dev/sceencast/node_modules/.pnpm/jest-circus@29.7.0/node_modules/jest-circus/build/legacy-code-todo-rewrite/jestAdapter.js:75:5)\n    at runTestInternal (/Users/applesucks/dev/sceencast/node_modules/.pnpm/jest-runner@29.7.0/node_modules/jest-runner/build/runTest.js:367:16)\n    at runTest (/Users/applesucks/dev/sceencast/node_modules/.pnpm/jest-runner@29.7.0/node_modules/jest-runner/build/runTest.js:444:34)"],"fullName":"db.js - API Contract expected exports should export getAllRecordings function","invocations":1,"location":null,"numPassingAsserts":0,"retryReasons":[],"status":"failed","title":"should export getAllRecordings function"},{"ancestorTitles":["db.js - API Contract","expected exports"],"duration":5000,"failureDetails":[{"message":"thrown: \"Exceeded timeout of 5000 ms for a hook.\nAdd a timeout value to this test to increase the timeout, if this is a long-running test. See https://jestjs.io/docs/api#testname-fn-timeout.\""}],"failureMessages":["Error: thrown: \"Exceeded timeout of 5000 ms for a hook.\nAdd a timeout value to this test to increase the timeout, if this is a long-running test. See https://jestjs.io/docs/api#testname-fn-timeout.\"\n    at /Users/applesucks/dev/sceencast/tests/unit/db.test.js:13:1\n    at SourceTextModule.evaluate (node:internal/vm/module:228:23)\n    at Runtime.linkAndEvaluateModule (/Users/applesucks/dev/sceencast/node_modules/.pnpm/jest-runtime@29.7.0/node_modules/jest-runtime/build/index.js:710:20)\n    at jestAdapter (/Users/applesucks/dev/sceencast/node_modules/.pnpm/jest-circus@29.7.0/node_modules/jest-circus/build/legacy-code-todo-rewrite/jestAdapter.js:75:5)\n    at runTestInternal (/Users/applesucks/dev/sceencast/node_modules/.pnpm/jest-runner@29.7.0/node_modules/jest-runner/build/runTest.js:367:16)\n    at runTest (/Users/applesucks/dev/sceencast/node_modules/.pnpm/jest-runner@29.7.0/node_modules/jest-runner/build/runTest.js:444:34)"],"fullName":"db.js - API Contract expected exports should export cleanupOldRecordings function","invocations":1,"location":null,"numPassingAsserts":0,"retryReasons":[],"status":"failed","title":"should export cleanupOldRecordings function"},{"ancestorTitles":["db.js - API Contract","expected exports"],"duration":5000,"failureDetails":[{"message":"thrown: \"Exceeded timeout of 5000 ms for a hook.\nAdd a timeout value to this test to increase the timeout, if this is a long-running test. See https://jestjs.io/docs/api#testname-fn-timeout.\""}],"failureMessages":["Error: thrown: \"Exceeded timeout of 5000 ms for a hook.\nAdd a timeout value to this test to increase the timeout, if this is a long-running test. See https://jestjs.io/docs/api#testname-fn-timeout.\"\n    at /Users/applesucks/dev/sceencast/tests/unit/db.test.js:13:1\n    at SourceTextModule.evaluate (node:internal/vm/module:228:23)\n    at Runtime.linkAndEvaluateModule (/Users/applesucks/dev/sceencast/node_modules/.pnpm/jest-runtime@29.7.0/node_modules/jest-runtime/build/index.js:710:20)\n    at jestAdapter (/Users/applesucks/dev/sceencast/node_modules/.pnpm/jest-circus@29.7.0/node_modules/jest-circus/build/legacy-code-todo-rewrite/jestAdapter.js:75:5)\n    at runTestInternal (/Users/applesucks/dev/sceencast/node_modules/.pnpm/jest-runner@29.7.0/node_modules/jest-runner/build/runTest.js:367:16)\n    at runTest (/Users/applesucks/dev/sceencast/node_modules/.pnpm/jest-runner@29.7.0/node_modules/jest-runner/build/runTest.js:444:34)"],"fullName":"db.js - API Contract expected exports should export updateRecordingName function","invocations":1,"location":null,"numPassingAsserts":0,"retryReasons":[],"status":"failed","title":"should export updateRecordingName function"},{"ancestorTitles":["db.js - API Contract","saveChunk - API contract"],"duration":5000,"failureDetails":[{"message":"thrown: \"Exceeded timeout of 5000 ms for a hook.\nAdd a timeout value to this test to increase the timeout, if this is a long-running test. See https://jestjs.io/docs/api#testname-fn-timeout.\""}],"failureMessages":["Error: thrown: \"Exceeded timeout of 5000 ms for a hook.\nAdd a timeout value to this test to increase the timeout, if this is a long-running test. See https://jestjs.io/docs/api#testname-fn-timeout.\"\n    at /Users/applesucks/dev/sceencast/tests/unit/db.test.js:13:1\n    at SourceTextModule.evaluate (node:internal/vm/module:228:23)\n    at Runtime.linkAndEvaluateModule (/Users/applesucks/dev/sceencast/node_modules/.pnpm/jest-runtime@29.7.0/node_modules/jest-runtime/build/index.js:710:20)\n    at jestAdapter (/Users/applesucks/dev/sceencast/node_modules/.pnpm/jest-circus@29.7.0/node_modules/jest-circus/build/legacy-code-todo-rewrite/jestAdapter.js:75:5)\n    at runTestInternal (/Users/applesucks/dev/sceencast/node_modules/.pnpm/jest-runner@29.7.0/node_modules/jest-runner/build/runTest.js:367:16)\n    at runTest (/Users/applesucks/dev/sceencast/node_modules/.pnpm/jest-runner@29.7.0/node_modules/jest-runner/build/runTest.js:444:34)"],"fullName":"db.js - API Contract saveChunk - API contract should accept (recordingId: string, chunk: Blob, index: number)","invocations":1,"location":null,"numPassingAsserts":0,"retryReasons":[],"status":"failed","title":"should accept (recordingId: string, chunk: Blob, index: number)"},{"ancestorTitles":["db.js - API Contract","saveChunk - API contract"],"duration":5000,"failureDetails":[{"message":"thrown: \"Exceeded timeout of 5000 ms for a hook.\nAdd a timeout value to this test to increase the timeout, if this is a long-running test. See https://jestjs.io/docs/api#testname-fn-timeout.\""}],"failureMessages":["Error: thrown: \"Exceeded timeout of 5000 ms for a hook.\nAdd a timeout value to this test to increase the timeout, if this is a long-running test. See https://jestjs.io/docs/api#testname-fn-timeout.\"\n    at /Users/applesucks/dev/sceencast/tests/unit/db.test.js:13:1\n    at SourceTextModule.evaluate (node:internal/vm/module:228:23)\n    at Runtime.linkAndEvaluateModule (/Users/applesucks/dev/sceencast/node_modules/.pnpm/jest-runtime@29.7.0/node_modules/jest-runtime/build/index.js:710:20)\n    at jestAdapter (/Users/applesucks/dev/sceencast/node_modules/.pnpm/jest-circus@29.7.0/node_modules/jest-circus/build/legacy-code-todo-rewrite/jestAdapter.js:75:5)\n    at runTestInternal (/Users/applesucks/dev/sceencast/node_modules/.pnpm/jest-runner@29.7.0/node_modules/jest-runner/build/runTest.js:367:16)\n    at runTest (/Users/applesucks/dev/sceencast/node_modules/.pnpm/jest-runner@29.7.0/node_modules/jest-runner/build/runTest.js:444:34)"],"fullName":"db.js - API Contract saveChunk - API contract should return Promise<void>","invocations":1,"location":null,"numPassingAsserts":0,"retryReasons":[],"status":"failed","title":"should return Promise<void>"},{"ancestorTitles":["db.js - API Contract","finishRecording - API contract"],"duration":4999,"failureDetails":[{"message":"thrown: \"Exceeded timeout of 5000 ms for a hook.\nAdd a timeout value to this test to increase the timeout, if this is a long-running test. See https://jestjs.io/docs/api#testname-fn-timeout.\""}],"failureMessages":["Error: thrown: \"Exceeded timeout of 5000 ms for a hook.\nAdd a timeout value to this test to increase the timeout, if this is a long-running test. See https://jestjs.io/docs/api#testname-fn-timeout.\"\n    at /Users/applesucks/dev/sceencast/tests/unit/db.test.js:13:1\n    at SourceTextModule.evaluate (node:internal/vm/module:228:23)\n    at Runtime.linkAndEvaluateModule (/Users/applesucks/dev/sceencast/node_modules/.pnpm/jest-runtime@29.7.0/node_modules/jest-runtime/build/index.js:710:20)\n    at jestAdapter (/Users/applesucks/dev/sceencast/node_modules/.pnpm/jest-circus@29.7.0/node_modules/jest-circus/build/legacy-code-todo-rewrite/jestAdapter.js:75:5)\n    at runTestInternal (/Users/applesucks/dev/sceencast/node_modules/.pnpm/jest-runner@29.7.0/node_modules/jest-runner/build/runTest.js:367:16)\n    at runTest (/Users/applesucks/dev/sceencast/node_modules/.pnpm/jest-runner@29.7.0/node_modules/jest-runner/build/runTest.js:444:34)"],"fullName":"db.js - API Contract finishRecording - API contract should accept (id: string, mimeType: string, duration: number, size: number)","invocations":1,"location":null,"numPassingAsserts":0,"retryReasons":[],"status":"failed","title":"should accept (id: string, mimeType: string, duration: number, size: number)"},{"ancestorTitles":["db.js - API Contract","finishRecording - API contract"],"duration":4999,"failureDetails":[{"message":"thrown: \"Exceeded timeout of 5000 ms for a hook.\nAdd a timeout value to this test to increase the timeout, if this is a long-running test. See https://jestjs.io/docs/api#testname-fn-timeout.\""}],"failureMessages":["Error: thrown: \"Exceeded timeout of 5000 ms for a hook.\nAdd a timeout value to this test to increase the timeout, if this is a long-running test. See https://jestjs.io/docs/api#testname-fn-timeout.\"\n    at /Users/applesucks/dev/sceencast/tests/unit/db.test.js:13:1\n    at SourceTextModule.evaluate (node:internal/vm/module:228:23)\n    at Runtime.linkAndEvaluateModule (/Users/applesucks/dev/sceencast/node_modules/.pnpm/jest-runtime@29.7.0/node_modules/jest-runtime/build/index.js:710:20)\n    at jestAdapter (/Users/applesucks/dev/sceencast/node_modules/.pnpm/jest-circus@29.7.0/node_modules/jest-circus/build/legacy-code-todo-rewrite/jestAdapter.js:75:5)\n    at runTestInternal (/Users/applesucks/dev/sceencast/node_modules/.pnpm/jest-runner@29.7.0/node_modules/jest-runner/build/runTest.js:367:16)\n    at runTest (/Users/applesucks/dev/sceencast/node_modules/.pnpm/jest-runner@29.7.0/node_modules/jest-runner/build/runTest.js:444:34)"],"fullName":"db.js - API Contract finishRecording - API contract should return Promise<void>","invocations":1,"location":null,"numPassingAsserts":0,"retryReasons":[],"status":"failed","title":"should return Promise<void>"},{"ancestorTitles":["db.js - API Contract","getRecording - API contract"],"duration":5000,"failureDetails":[{"message":"thrown: \"Exceeded timeout of 5000 ms for a hook.\nAdd a timeout value to this test to increase the timeout, if this is a long-running test. See https://jestjs.io/docs/api#testname-fn-timeout.\""}],"failureMessages":["Error: thrown: \"Exceeded timeout of 5000 ms for a hook.\nAdd a timeout value to this test to increase the timeout, if this is a long-running test. See https://jestjs.io/docs/api#testname-fn-timeout.\"\n    at /Users/applesucks/dev/sceencast/tests/unit/db.test.js:13:1\n    at SourceTextModule.evaluate (node:internal/vm/module:228:23)\n    at Runtime.linkAndEvaluateModule (/Users/applesucks/dev/sceencast/node_modules/.pnpm/jest-runtime@29.7.0/node_modules/jest-runtime/build/index.js:710:20)\n    at jestAdapter (/Users/applesucks/dev/sceencast/node_modules/.pnpm/jest-circus@29.7.0/node_modules/jest-circus/build/legacy-code-todo-rewrite/jestAdapter.js:75:5)\n    at runTestInternal (/Users/applesucks/dev/sceencast/node_modules/.pnpm/jest-runner@29.7.0/node_modules/jest-runner/build/runTest.js:367:16)\n    at runTest (/Users/applesucks/dev/sceencast/node_modules/.pnpm/jest-runner@29.7.0/node_modules/jest-runner/build/runTest.js:444:34)"],"fullName":"db.js - API Contract getRecording - API contract should accept (id: string)","invocations":1,"location":null,"numPassingAsserts":0,"retryReasons":[],"status":"failed","title":"should accept (id: string)"},{"ancestorTitles":["db.js - API Contract","getRecording - API contract"],"duration":5000,"failureDetails":[{"message":"thrown: \"Exceeded timeout of 5000 ms for a hook.\nAdd a timeout value to this test to increase the timeout, if this is a long-running test. See https://jestjs.io/docs/api#testname-fn-timeout.\""}],"failureMessages":["Error: thrown: \"Exceeded timeout of 5000 ms for a hook.\nAdd a timeout value to this test to increase the timeout, if this is a long-running test. See https://jestjs.io/docs/api#testname-fn-timeout.\"\n    at /Users/applesucks/dev/sceencast/tests/unit/db.test.js:13:1\n    at SourceTextModule.evaluate (node:internal/vm/module:228:23)\n    at Runtime.linkAndEvaluateModule (/Users/applesucks/dev/sceencast/node_modules/.pnpm/jest-runtime@29.7.0/node_modules/jest-runtime/build/index.js:710:20)\n    at jestAdapter (/Users/applesucks/dev/sceencast/node_modules/.pnpm/jest-circus@29.7.0/node_modules/jest-circus/build/legacy-code-todo-rewrite/jestAdapter.js:75:5)\n    at runTestInternal (/Users/applesucks/dev/sceencast/node_modules/.pnpm/jest-runner@29.7.0/node_modules/jest-runner/build/runTest.js:367:16)\n    at runTest (/Users/applesucks/dev/sceencast/node_modules/.pnpm/jest-runner@29.7.0/node_modules/jest-runner/build/runTest.js:444:34)"],"fullName":"db.js - API Contract getRecording - API contract should return Promise<{id, blob, mimeType, createdAt, name, duration, size}>","invocations":1,"location":null,"numPassingAsserts":0,"retryReasons":[],"status":"failed","title":"should return Promise<{id, blob, mimeType, createdAt, name, duration, size}>"}],"endTime":1770673292550,"message":"\u001b[1m\u001b[31m  \u001b[1m● \u001b[22m\u001b[1mdb.js (IndexedDB-backed) unit tests › saveChunk + finishRecording + getRecording: saves chunks and reassembles blob in order\u001b[39m\u001b[22m\n\n    ReferenceError: structuredClone is not defined\n\u001b[2m\u001b[22m\n\u001b[2m    \u001b[0m \u001b[90m 61 |\u001b[39m     \u001b[36mconst\u001b[39m tx \u001b[33m=\u001b[39m db\u001b[33m.\u001b[39mtransaction(\u001b[33mSTORE_RECORDINGS\u001b[39m\u001b[33m,\u001b[39m \u001b[32m'readwrite'\u001b[39m)\u001b[33m;\u001b[39m\u001b[22m\n\u001b[2m     \u001b[90m 62 |\u001b[39m     \u001b[36mconst\u001b[39m store \u001b[33m=\u001b[39m tx\u001b[33m.\u001b[39mobjectStore(\u001b[33mSTORE_RECORDINGS\u001b[39m)\u001b[33m;\u001b[39m\u001b[22m\n\u001b[2m    \u001b[31m\u001b[1m>\u001b[22m\u001b[2m\u001b[39m\u001b[90m 63 |\u001b[39m     \u001b[36mconst\u001b[39m request \u001b[33m=\u001b[39m store\u001b[33m.\u001b[39mput({ id\u001b[33m,\u001b[39m mimeType\u001b[33m,\u001b[39m duration\u001b[33m,\u001b[39m size\u001b[33m,\u001b[39m createdAt\u001b[33m:\u001b[39m \u001b[33mDate\u001b[39m\u001b[33m.\u001b[39mnow()\u001b[33m,\u001b[39m name\u001b[33m:\u001b[39m \u001b[36mnull\u001b[39m })\u001b[33m;\u001b[39m\u001b[22m\n\u001b[2m     \u001b[90m    |\u001b[39m                           \u001b[31m\u001b[1m^\u001b[22m\u001b[2m\u001b[39m\u001b[22m\n\u001b[2m     \u001b[90m 64 |\u001b[39m     request\u001b[33m.\u001b[39monsuccess \u001b[33m=\u001b[39m () \u001b[33m=>\u001b[39m resolve()\u001b[33m;\u001b[39m\u001b[22m\n\u001b[2m     \u001b[90m 65 |\u001b[39m     request\u001b[33m.\u001b[39monerror \u001b[33m=\u001b[39m () \u001b[33m=>\u001b[39m reject(request\u001b[33m.\u001b[39merror)\u001b[33m;\u001b[39m\u001b[22m\n\u001b[2m     \u001b[90m 66 |\u001b[39m     tx\u001b[33m.\u001b[39moncomplete \u001b[33m=\u001b[39m () \u001b[33m=>\u001b[39m db\u001b[33m.\u001b[39mclose()\u001b[33m;\u001b[39m\u001b[0m\u001b[22m\n\u001b[2m\u001b[22m\n\u001b[2m      \u001b[2mat cloneValueForInsertion (\u001b[22m\u001b[2mnode_modules/.pnpm/fake-indexeddb@6.2.5/node_modules/fake-indexeddb/build/esm/lib/cloneValueForInsertion.js\u001b[2m:19:5)\u001b[22m\u001b[2m\u001b[22m\n\u001b[2m      \u001b[2mat buildRecordAddPut (\u001b[22m\u001b[2mnode_modules/.pnpm/fake-indexeddb@6.2.5/node_modules/fake-indexeddb/build/esm/FDBObjectStore.js\u001b[2m:36:17)\u001b[22m\u001b[2m\u001b[22m\n\u001b[2m      \u001b[2mat FDBObjectStore.put (\u001b[22m\u001b[2mnode_modules/.pnpm/fake-indexeddb@6.2.5/node_modules/fake-indexeddb/build/esm/FDBObjectStore.js\u001b[2m:127:20)\u001b[22m\u001b[2m\u001b[22m\n\u001b[2m      \u001b[2mat \u001b[22m\u001b[2mdb.js\u001b[2m:63:27\u001b[22m\u001b[2m\u001b[22m\n\u001b[2m      \u001b[2mat finishRecording (\u001b[22m\u001b[2mdb.js\u001b[2m:60:10)\u001b[22m\u001b[2m\u001b[22m\n\u001b[2m      \u001b[2mat Object.<anonymous> (\u001b[22m\u001b[2m\u001b[0m\u001b[36mtests/unit/db.test.js\u001b[39m\u001b[0m\u001b[2m:24:5)\u001b[22m\u001b[2m\u001b[22m\n\n\u001b[1m\u001b[31m  \u001b[1m● \u001b[22m\u001b[1mdb.js (IndexedDB-backed) unit tests › deleteRecording: removes metadata and chunks\u001b[39m\u001b[22m\n\n    thrown: \"Exceeded timeout of 5000 ms for a test.\n    Add a timeout value to this test to increase the timeout, if this is a long-running test. See https://jestjs.io/docs/api#testname-fn-timeout.\"\n\u001b[2m\u001b[22m\n\u001b[2m    \u001b[0m \u001b[90m 39 |\u001b[39m   })\u001b[33m;\u001b[39m\u001b[22m\n\u001b[2m     \u001b[90m 40 |\u001b[39m\u001b[22m\n\u001b[2m    \u001b[31m\u001b[1m>\u001b[22m\u001b[2m\u001b[39m\u001b[90m 41 |\u001b[39m   test(\u001b[32m'deleteRecording: removes metadata and chunks'\u001b[39m\u001b[33m,\u001b[39m \u001b[36masync\u001b[39m () \u001b[33m=>\u001b[39m {\u001b[22m\n\u001b[2m     \u001b[90m    |\u001b[39m   \u001b[31m\u001b[1m^\u001b[22m\u001b[2m\u001b[39m\u001b[22m\n\u001b[2m     \u001b[90m 42 |\u001b[39m     \u001b[36mawait\u001b[39m finishRecording(\u001b[32m'rdel'\u001b[39m\u001b[33m,\u001b[39m \u001b[32m'audio/ogg'\u001b[39m\u001b[33m,\u001b[39m \u001b[35m10\u001b[39m\u001b[33m,\u001b[39m \u001b[35m10\u001b[39m)\u001b[33m;\u001b[39m\u001b[22m\n\u001b[2m     \u001b[90m 43 |\u001b[39m     \u001b[36mawait\u001b[39m saveChunk(\u001b[32m'rdel'\u001b[39m\u001b[33m,\u001b[39m \u001b[36mnew\u001b[39m \u001b[33mBlob\u001b[39m([\u001b[32m'a'\u001b[39m])\u001b[33m,\u001b[39m \u001b[35m0\u001b[39m)\u001b[33m;\u001b[39m\u001b[22m\n\u001b[2m     \u001b[90m 44 |\u001b[39m     \u001b[36mawait\u001b[39m saveChunk(\u001b[32m'rdel'\u001b[39m\u001b[33m,\u001b[39m \u001b[36mnew\u001b[39m \u001b[33mBlob\u001b[39m([\u001b[32m'b'\u001b[39m])\u001b[33m,\u001b[39m \u001b[35m1\u001b[39m)\u001b[33m;\u001b[39m\u001b[0m\u001b[22m\n\u001b[2m\u001b[22m\n\u001b[2m      \u001b[2mat \u001b[22m\u001b[2m\u001b[0m\u001b[36mtests/unit/db.test.js\u001b[39m\u001b[0m\u001b[2m:41:3\u001b[22m\u001b[2m\u001b[22m\n\u001b[2m      \u001b[2mat \u001b[22m\u001b[2m\u001b[0m\u001b[36mtests/unit/db.test.js\u001b[39m\u001b[0m\u001b[2m:22:1\u001b[22m\u001b[2m\u001b[22m\n\n\u001b[1m\u001b[31m  \u001b[1m● \u001b[22m\u001b[1mdb.js (IndexedDB-backed) unit tests › cleanupOldRecordings: deletes recordings older than threshold\u001b[39m\u001b[22m\n\n    thrown: \"Exceeded timeout of 5000 ms for a hook.\n    Add a timeout value to this test to increase the timeout, if this is a long-running test. See https://jestjs.io/docs/api#testname-fn-timeout.\"\n\u001b[2m\u001b[22m\n\u001b[2m    \u001b[0m \u001b[90m 11 |\u001b[39m } \u001b[36mfrom\u001b[39m \u001b[32m'../../db.js'\u001b[39m\u001b[33m;\u001b[39m\u001b[22m\n\u001b[2m     \u001b[90m 12 |\u001b[39m\u001b[22m\n\u001b[2m    \u001b[31m\u001b[1m>\u001b[22m\u001b[2m\u001b[39m\u001b[90m 13 |\u001b[39m beforeEach(\u001b[36masync\u001b[39m () \u001b[33m=>\u001b[39m {\u001b[22m\n\u001b[2m     \u001b[90m    |\u001b[39m \u001b[31m\u001b[1m^\u001b[22m\u001b[2m\u001b[39m\u001b[22m\n\u001b[2m     \u001b[90m 14 |\u001b[39m   setupIndexedDB()\u001b[33m;\u001b[39m\u001b[22m\n\u001b[2m     \u001b[90m 15 |\u001b[39m   \u001b[36mawait\u001b[39m clearDatabase()\u001b[33m;\u001b[39m\u001b[22m\n\u001b[2m     \u001b[90m 16 |\u001b[39m })\u001b[33m;\u001b[39m\u001b[0m\u001b[22m\n\u001b[2m\u001b[22m\n\u001b[2m      \u001b[2mat \u001b[22m\u001b[2m\u001b[0m\u001b[36mtests/unit/db.test.js\u001b[39m\u001b[0m\u001b[2m:13:1\u001b[22m\u001b[2m\u001b[22m\n\n\u001b[1m\u001b[31m  \u001b[1m● \u001b[22m\u001b[1mdb.js (IndexedDB-backed) unit tests › saveChunk: propagates open() failure\u001b[39m\u001b[22m\n\n    thrown: \"Exceeded timeout of 5000 ms for a hook.\n    Add a timeout value to this test to increase the timeout, if this is a long-running test. See https://jestjs.io/docs/api#testname-fn-timeout.\"\n\u001b[2m\u001b[22m\n\u001b[2m    \u001b[0m \u001b[90m 11 |\u001b[39m } \u001b[36mfrom\u001b[39m \u001b[32m'../../db.js'\u001b[39m\u001b[33m;\u001b[39m\u001b[22m\n\u001b[2m     \u001b[90m 12 |\u001b[39m\u001b[22m\n\u001b[2m    \u001b[31m\u001b[1m>\u001b[22m\u001b[2m\u001b[39m\u001b[90m 13 |\u001b[39m beforeEach(\u001b[36masync\u001b[39m () \u001b[33m=>\u001b[39m {\u001b[22m\n\u001b[2m     \u001b[90m    |\u001b[39m \u001b[31m\u001b[1m^\u001b[22m\u001b[2m\u001b[39m\u001b[22m\n\u001b[2m     \u001b[90m 14 |\u001b[39m   setupIndexedDB()\u001b[33m;\u001b[39m\u001b[22m\n\u001b[2m     \u001b[90m 15 |\u001b[39m   \u001b[36mawait\u001b[39m clearDatabase()\u001b[33m;\u001b[39m\u001b[22m\n\u001b[2m     \u001b[90m 16 |\u001b[39m })\u001b[33m;\u001b[39m\u001b[0m\u001b[22m\n\u001b[2m\u001b[22m\n\u001b[2m      \u001b[2mat \u001b[22m\u001b[2m\u001b[0m\u001b[36mtests/unit/db.test.js\u001b[39m\u001b[0m\u001b[2m:13:1\u001b[22m\u001b[2m\u001b[22m\n\n\u001b[1m\u001b[31m  \u001b[1m● \u001b[22m\u001b[1mdb.js (IndexedDB-backed) unit tests › finishRecording: propagates open() failure\u001b[39m\u001b[22m\n\n    thrown: \"Exceeded timeout of 5000 ms for a hook.\n    Add a timeout value to this test to increase the timeout, if this is a long-running test. See https://jestjs.io/docs/api#testname-fn-timeout.\"\n\u001b[2m\u001b[22m\n\u001b[2m    \u001b[0m \u001b[90m 11 |\u001b[39m } \u001b[36mfrom\u001b[39m \u001b[32m'../../db.js'\u001b[39m\u001b[33m;\u001b[39m\u001b[22m\n\u001b[2m     \u001b[90m 12 |\u001b[39m\u001b[22m\n\u001b[2m    \u001b[31m\u001b[1m>\u001b[22m\u001b[2m\u001b[39m\u001b[90m 13 |\u001b[39m beforeEach(\u001b[36masync\u001b[39m () \u001b[33m=>\u001b[39m {\u001b[22m\n\u001b[2m     \u001b[90m    |\u001b[39m \u001b[31m\u001b[1m^\u001b[22m\u001b[2m\u001b[39m\u001b[22m\n\u001b[2m     \u001b[90m 14 |\u001b[39m   setupIndexedDB()\u001b[33m;\u001b[39m\u001b[22m\n\u001b[2m     \u001b[90m 15 |\u001b[39m   \u001b[36mawait\u001b[39m clearDatabase()\u001b[33m;\u001b[39m\u001b[22m\n\u001b[2m     \u001b[90m 16 |\u001b[39m })\u001b[33m;\u001b[39m\u001b[0m\u001b[22m\n\u001b[2m\u001b[22m\n\u001b[2m      \u001b[2mat \u001b[22m\u001b[2m\u001b[0m\u001b[36mtests/unit/db.test.js\u001b[39m\u001b[0m\u001b[2m:13:1\u001b[22m\u001b[2m\u001b[22m\n\n\u001b[1m\u001b[31m  \u001b[1m● \u001b[22m\u001b[1mdb.js (IndexedDB-backed) unit tests › getRecording: returns null for missing recording and handles open() failure\u001b[39m\u001b[22m\n\n    thrown: \"Exceeded timeout of 5000 ms for a hook.\n    Add a timeout value to this test to increase the timeout, if this is a long-running test. See https://jestjs.io/docs/api#testname-fn-timeout.\"\n\u001b[2m\u001b[22m\n\u001b[2m    \u001b[0m \u001b[90m 11 |\u001b[39m } \u001b[36mfrom\u001b[39m \u001b[32m'../../db.js'\u001b[39m\u001b[33m;\u001b[39m\u001b[22m\n\u001b[2m     \u001b[90m 12 |\u001b[39m\u001b[22m\n\u001b[2m    \u001b[31m\u001b[1m>\u001b[22m\u001b[2m\u001b[39m\u001b[90m 13 |\u001b[39m beforeEach(\u001b[36masync\u001b[39m () \u001b[33m=>\u001b[39m {\u001b[22m\n\u001b[2m     \u001b[90m    |\u001b[39m \u001b[31m\u001b[1m^\u001b[22m\u001b[2m\u001b[39m\u001b[22m\n\u001b[2m     \u001b[90m 14 |\u001b[39m   setupIndexedDB()\u001b[33m;\u001b[39m\u001b[22m\n\u001b[2m     \u001b[90m 15 |\u001b[39m   \u001b[36mawait\u001b[39m clearDatabase()\u001b[33m;\u001b[39m\u001b[22m\n\u001b[2m     \u001b[90m 16 |\u001b[39m })\u001b[33m;\u001b[39m\u001b[0m\u001b[22m\n\u001b[2m\u001b[22m\n\u001b[2m      \u001b[2mat \u001b[22m\u001b[2m\u001b[0m\u001b[36mtests/unit/db.test.js\u001b[39m\u001b[0m\u001b[2m:13:1\u001b[22m\u001b[2m\u001b[22m\n\n\u001b[1m\u001b[31m  \u001b[1m● \u001b[22m\u001b[1mdb.js (IndexedDB-backed) unit tests › deleteRecording: propagates open() failure\u001b[39m\u001b[22m\n\n    thrown: \"Exceeded timeout of 5000 ms for a hook.\n    Add a timeout value to this test to increase the timeout, if this is a long-running test. See https://jestjs.io/docs/api#testname-fn-timeout.\"\n\u001b[2m\u001b[22m\n\u001b[2m    \u001b[0m \u001b[90m 11 |\u001b[39m } \u001b[36mfrom\u001b[39m \u001b[32m'../../db.js'\u001b[39m\u001b[33m;\u001b[39m\u001b[22m\n\u001b[2m     \u001b[90m 12 |\u001b[39m\u001b[22m\n\u001b[2m    \u001b[31m\u001b[1m>\u001b[22m\u001b[2m\u001b[39m\u001b[90m 13 |\u001b[39m beforeEach(\u001b[36masync\u001b[39m () \u001b[33m=>\u001b[39m {\u001b[22m\n\u001b[2m     \u001b[90m    |\u001b[39m \u001b[31m\u001b[1m^\u001b[22m\u001b[2m\u001b[39m\u001b[22m\n\u001b[2m     \u001b[90m 14 |\u001b[39m   setupIndexedDB()\u001b[33m;\u001b[39m\u001b[22m\n\u001b[2m     \u001b[90m 15 |\u001b[39m   \u001b[36mawait\u001b[39m clearDatabase()\u001b[33m;\u001b[39m\u001b[22m\n\u001b[2m     \u001b[90m 16 |\u001b[39m })\u001b[33m;\u001b[39m\u001b[0m\u001b[22m\n\u001b[2m\u001b[22m\n\u001b[2m      \u001b[2mat \u001b[22m\u001b[2m\u001b[0m\u001b[36mtests/unit/db.test.js\u001b[39m\u001b[0m\u001b[2m:13:1\u001b[22m\u001b[2m\u001b[22m\n\n\u001b[1m\u001b[31m  \u001b[1m● \u001b[22m\u001b[1mdb.js (IndexedDB-backed) unit tests › cleanupOldRecordings: propagates open() failure\u001b[39m\u001b[22m\n\n    thrown: \"Exceeded timeout of 5000 ms for a hook.\n    Add a timeout value to this test to increase the timeout, if this is a long-running test. See https://jestjs.io/docs/api#testname-fn-timeout.\"\n\u001b[2m\u001b[22m\n\u001b[2m    \u001b[0m \u001b[90m 11 |\u001b[39m } \u001b[36mfrom\u001b[39m \u001b[32m'../../db.js'\u001b[39m\u001b[33m;\u001b[39m\u001b[22m\n\u001b[2m     \u001b[90m 12 |\u001b[39m\u001b[22m\n\u001b[2m    \u001b[31m\u001b[1m>\u001b[22m\u001b[2m\u001b[39m\u001b[90m 13 |\u001b[39m beforeEach(\u001b[36masync\u001b[39m () \u001b[33m=>\u001b[39m {\u001b[22m\n\u001b[2m     \u001b[90m    |\u001b[39m \u001b[31m\u001b[1m^\u001b[22m\u001b[2m\u001b[39m\u001b[22m\n\u001b[2m     \u001b[90m 14 |\u001b[39m   setupIndexedDB()\u001b[33m;\u001b[39m\u001b[22m\n\u001b[2m     \u001b[90m 15 |\u001b[39m   \u001b[36mawait\u001b[39m clearDatabase()\u001b[33m;\u001b[39m\u001b[22m\n\u001b[2m     \u001b[90m 16 |\u001b[39m })\u001b[33m;\u001b[39m\u001b[0m\u001b[22m\n\u001b[2m\u001b[22m\n\u001b[2m      \u001b[2mat \u001b[22m\u001b[2m\u001b[0m\u001b[36mtests/unit/db.test.js\u001b[39m\u001b[0m\u001b[2m:13:1\u001b[22m\u001b[2m\u001b[22m\n\n\u001b[1m\u001b[31m  \u001b[1m● \u001b[22m\u001b[1mdb.js › Database Schema › should use correct database name and version\u001b[39m\u001b[22m\n\n    thrown: \"Exceeded timeout of 5000 ms for a hook.\n    Add a timeout value to this test to increase the timeout, if this is a long-running test. See https://jestjs.io/docs/api#testname-fn-timeout.\"\n\u001b[2m\u001b[22m\n\u001b[2m    \u001b[0m \u001b[90m 11 |\u001b[39m } \u001b[36mfrom\u001b[39m \u001b[32m'../../db.js'\u001b[39m\u001b[33m;\u001b[39m\u001b[22m\n\u001b[2m     \u001b[90m 12 |\u001b[39m\u001b[22m\n\u001b[2m    \u001b[31m\u001b[1m>\u001b[22m\u001b[2m\u001b[39m\u001b[90m 13 |\u001b[39m beforeEach(\u001b[36masync\u001b[39m () \u001b[33m=>\u001b[39m {\u001b[22m\n\u001b[2m     \u001b[90m    |\u001b[39m \u001b[31m\u001b[1m^\u001b[22m\u001b[2m\u001b[39m\u001b[22m\n\u001b[2m     \u001b[90m 14 |\u001b[39m   setupIndexedDB()\u001b[33m;\u001b[39m\u001b[22m\n\u001b[2m     \u001b[90m 15 |\u001b[39m   \u001b[36mawait\u001b[39m clearDatabase()\u001b[33m;\u001b[39m\u001b[22m\n\u001b[2m     \u001b[90m 16 |\u001b[39m })\u001b[33m;\u001b[39m\u001b[0m\u001b[22m\n\u001b[2m\u001b[22m\n\u001b[2m      \u001b[2mat \u001b[22m\u001b[2m\u001b[0m\u001b[36mtests/unit/db.test.js\u001b[39m\u001b[0m\u001b[2m:13:1\u001b[22m\u001b[2m\u001b[22m\n\n\u001b[1m\u001b[31m  \u001b[1m● \u001b[22m\u001b[1mdb.js › saveChunk › should save chunk with recordingId and index\u001b[39m\u001b[22m\n\n    thrown: \"Exceeded timeout of 5000 ms for a hook.\n    Add a timeout value to this test to increase the timeout, if this is a long-running test. See https://jestjs.io/docs/api#testname-fn-timeout.\"\n\u001b[2m\u001b[22m\n\u001b[2m    \u001b[0m \u001b[90m 11 |\u001b[39m } \u001b[36mfrom\u001b[39m \u001b[32m'../../db.js'\u001b[39m\u001b[33m;\u001b[39m\u001b[22m\n\u001b[2m     \u001b[90m 12 |\u001b[39m\u001b[22m\n\u001b[2m    \u001b[31m\u001b[1m>\u001b[22m\u001b[2m\u001b[39m\u001b[90m 13 |\u001b[39m beforeEach(\u001b[36masync\u001b[39m () \u001b[33m=>\u001b[39m {\u001b[22m\n\u001b[2m     \u001b[90m    |\u001b[39m \u001b[31m\u001b[1m^\u001b[22m\u001b[2m\u001b[39m\u001b[22m\n\u001b[2m     \u001b[90m 14 |\u001b[39m   setupIndexedDB()\u001b[33m;\u001b[39m\u001b[22m\n\u001b[2m     \u001b[90m 15 |\u001b[39m   \u001b[36mawait\u001b[39m clearDatabase()\u001b[33m;\u001b[39m\u001b[22m\n\u001b[2m     \u001b[90m 16 |\u001b[39m })\u001b[33m;\u001b[39m\u001b[0m\u001b[22m\n\u001b[2m\u001b[22m\n\u001b[2m      \u001b[2mat \u001b[22m\u001b[2m\u001b[0m\u001b[36mtests/unit/db.test.js\u001b[39m\u001b[0m\u001b[2m:13:1\u001b[22m\u001b[2m\u001b[22m\n\n\u001b[1m\u001b[31m  \u001b[1m● \u001b[22m\u001b[1mdb.js › finishRecording › should save recording metadata\u001b[39m\u001b[22m\n\n    thrown: \"Exceeded timeout of 5000 ms for a hook.\n    Add a timeout value to this test to increase the timeout, if this is a long-running test. See https://jestjs.io/docs/api#testname-fn-timeout.\"\n\u001b[2m\u001b[22m\n\u001b[2m    \u001b[0m \u001b[90m 11 |\u001b[39m } \u001b[36mfrom\u001b[39m \u001b[32m'../../db.js'\u001b[39m\u001b[33m;\u001b[39m\u001b[22m\n\u001b[2m     \u001b[90m 12 |\u001b[39m\u001b[22m\n\u001b[2m    \u001b[31m\u001b[1m>\u001b[22m\u001b[2m\u001b[39m\u001b[90m 13 |\u001b[39m beforeEach(\u001b[36masync\u001b[39m () \u001b[33m=>\u001b[39m {\u001b[22m\n\u001b[2m     \u001b[90m    |\u001b[39m \u001b[31m\u001b[1m^\u001b[22m\u001b[2m\u001b[39m\u001b[22m\n\u001b[2m     \u001b[90m 14 |\u001b[39m   setupIndexedDB()\u001b[33m;\u001b[39m\u001b[22m\n\u001b[2m     \u001b[90m 15 |\u001b[39m   \u001b[36mawait\u001b[39m clearDatabase()\u001b[33m;\u001b[39m\u001b[22m\n\u001b[2m     \u001b[90m 16 |\u001b[39m })\u001b[33m;\u001b[39m\u001b[0m\u001b[22m\n\u001b[2m\u001b[22m\n\u001b[2m      \u001b[2mat \u001b[22m\u001b[2m\u001b[0m\u001b[36mtests/unit/db.test.js\u001b[39m\u001b[0m\u001b[2m:13:1\u001b[22m\u001b[2m\u001b[22m\n\n\u001b[1m\u001b[31m  \u001b[1m● \u001b[22m\u001b[1mdb.js › getRecording › should retrieve recording by id\u001b[39m\u001b[22m\n\n    thrown: \"Exceeded timeout of 5000 ms for a hook.\n    Add a timeout value to this test to increase the timeout, if this is a long-running test. See https://jestjs.io/docs/api#testname-fn-timeout.\"\n\u001b[2m\u001b[22m\n\u001b[2m    \u001b[0m \u001b[90m 11 |\u001b[39m } \u001b[36mfrom\u001b[39m \u001b[32m'../../db.js'\u001b[39m\u001b[33m;\u001b[39m\u001b[22m\n\u001b[2m     \u001b[90m 12 |\u001b[39m\u001b[22m\n\u001b[2m    \u001b[31m\u001b[1m>\u001b[22m\u001b[2m\u001b[39m\u001b[90m 13 |\u001b[39m beforeEach(\u001b[36masync\u001b[39m () \u001b[33m=>\u001b[39m {\u001b[22m\n\u001b[2m     \u001b[90m    |\u001b[39m \u001b[31m\u001b[1m^\u001b[22m\u001b[2m\u001b[39m\u001b[22m\n\u001b[2m     \u001b[90m 14 |\u001b[39m   setupIndexedDB()\u001b[33m;\u001b[39m\u001b[22m\n\u001b[2m     \u001b[90m 15 |\u001b[39m   \u001b[36mawait\u001b[39m clearDatabase()\u001b[33m;\u001b[39m\u001b[22m\n\u001b[2m     \u001b[90m 16 |\u001b[39m })\u001b[33m;\u001b[39m\u001b[0m\u001b[22m\n\u001b[2m\u001b[22m\n\u001b[2m      \u001b[2mat \u001b[22m\u001b[2m\u001b[0m\u001b[36mtests/unit/db.test.js\u001b[39m\u001b[0m\u001b[2m:13:1\u001b[22m\u001b[2m\u001b[22m\n\n\u001b[1m\u001b[31m  \u001b[1m● \u001b[22m\u001b[1mdb.js › getRecording › should reconstruct blob from chunks\u001b[39m\u001b[22m\n\n    thrown: \"Exceeded timeout of 5000 ms for a hook.\n    Add a timeout value to this test to increase the timeout, if this is a long-running test. See https://jestjs.io/docs/api#testname-fn-timeout.\"\n\u001b[2m\u001b[22m\n\u001b[2m    \u001b[0m \u001b[90m 11 |\u001b[39m } \u001b[36mfrom\u001b[39m \u001b[32m'../../db.js'\u001b[39m\u001b[33m;\u001b[39m\u001b[22m\n\u001b[2m     \u001b[90m 12 |\u001b[39m\u001b[22m\n\u001b[2m    \u001b[31m\u001b[1m>\u001b[22m\u001b[2m\u001b[39m\u001b[90m 13 |\u001b[39m beforeEach(\u001b[36masync\u001b[39m () \u001b[33m=>\u001b[39m {\u001b[22m\n\u001b[2m     \u001b[90m    |\u001b[39m \u001b[31m\u001b[1m^\u001b[22m\u001b[2m\u001b[39m\u001b[22m\n\u001b[2m     \u001b[90m 14 |\u001b[39m   setupIndexedDB()\u001b[33m;\u001b[39m\u001b[22m\n\u001b[2m     \u001b[90m 15 |\u001b[39m   \u001b[36mawait\u001b[39m clearDatabase()\u001b[33m;\u001b[39m\u001b[22m\n\u001b[2m     \u001b[90m 16 |\u001b[39m })\u001b[33m;\u001b[39m\u001b[0m\u001b[22m\n\u001b[2m\u001b[22m\n\u001b[2m      \u001b[2mat \u001b[22m\u001b[2m\u001b[0m\u001b[36mtests/unit/db.test.js\u001b[39m\u001b[0m\u001b[2m:13:1\u001b[22m\u001b[2m\u001b[22m\n\n\u001b[1m\u001b[31m  \u001b[1m● \u001b[22m\u001b[1mdb.js › deleteRecording › should delete recording and associated chunks\u001b[39m\u001b[22m\n\n    thrown: \"Exceeded timeout of 5000 ms for a hook.\n    Add a timeout value to this test to increase the timeout, if this is a long-running test. See https://jestjs.io/docs/api#testname-fn-timeout.\"\n\u001b[2m\u001b[22m\n\u001b[2m    \u001b[0m \u001b[90m 11 |\u001b[39m } \u001b[36mfrom\u001b[39m \u001b[32m'../../db.js'\u001b[39m\u001b[33m;\u001b[39m\u001b[22m\n\u001b[2m     \u001b[90m 12 |\u001b[39m\u001b[22m\n\u001b[2m    \u001b[31m\u001b[1m>\u001b[22m\u001b[2m\u001b[39m\u001b[90m 13 |\u001b[39m beforeEach(\u001b[36masync\u001b[39m () \u001b[33m=>\u001b[39m {\u001b[22m\n\u001b[2m     \u001b[90m    |\u001b[39m \u001b[31m\u001b[1m^\u001b[22m\u001b[2m\u001b[39m\u001b[22m\n\u001b[2m     \u001b[90m 14 |\u001b[39m   setupIndexedDB()\u001b[33m;\u001b[39m\u001b[22m\n\u001b[2m     \u001b[90m 15 |\u001b[39m   \u001b[36mawait\u001b[39m clearDatabase()\u001b[33m;\u001b[39m\u001b[22m\n\u001b[2m     \u001b[90m 16 |\u001b[39m })\u001b[33m;\u001b[39m\u001b[0m\u001b[22m\n\u001b[2m\u001b[22m\n\u001b[2m      \u001b[2mat \u001b[22m\u001b[2m\u001b[0m\u001b[36mtests/unit/db.test.js\u001b[39m\u001b[0m\u001b[2m:13:1\u001b[22m\u001b[2m\u001b[22m\n\n\u001b[1m\u001b[31m  \u001b[1m● \u001b[22m\u001b[1mdb.js › getAllRecordings › should return all recordings ordered by date\u001b[39m\u001b[22m\n\n    thrown: \"Exceeded timeout of 5000 ms for a hook.\n    Add a timeout value to this test to increase the timeout, if this is a long-running test. See https://jestjs.io/docs/api#testname-fn-timeout.\"\n\u001b[2m\u001b[22m\n\u001b[2m    \u001b[0m \u001b[90m 11 |\u001b[39m } \u001b[36mfrom\u001b[39m \u001b[32m'../../db.js'\u001b[39m\u001b[33m;\u001b[39m\u001b[22m\n\u001b[2m     \u001b[90m 12 |\u001b[39m\u001b[22m\n\u001b[2m    \u001b[31m\u001b[1m>\u001b[22m\u001b[2m\u001b[39m\u001b[90m 13 |\u001b[39m beforeEach(\u001b[36masync\u001b[39m () \u001b[33m=>\u001b[39m {\u001b[22m\n\u001b[2m     \u001b[90m    |\u001b[39m \u001b[31m\u001b[1m^\u001b[22m\u001b[2m\u001b[39m\u001b[22m\n\u001b[2m     \u001b[90m 14 |\u001b[39m   setupIndexedDB()\u001b[33m;\u001b[39m\u001b[22m\n\u001b[2m     \u001b[90m 15 |\u001b[39m   \u001b[36mawait\u001b[39m clearDatabase()\u001b[33m;\u001b[39m\u001b[22m\n\u001b[2m     \u001b[90m 16 |\u001b[39m })\u001b[33m;\u001b[39m\u001b[0m\u001b[22m\n\u001b[2m\u001b[22m\n\u001b[2m      \u001b[2mat \u001b[22m\u001b[2m\u001b[0m\u001b[36mtests/unit/db.test.js\u001b[39m\u001b[0m\u001b[2m:13:1\u001b[22m\u001b[2m\u001b[22m\n\n\u001b[1m\u001b[31m  \u001b[1m● \u001b[22m\u001b[1mdb.js › cleanupOldRecordings › should delete recordings older than specified age\u001b[39m\u001b[22m\n\n    thrown: \"Exceeded timeout of 5000 ms for a hook.\n    Add a timeout value to this test to increase the timeout, if this is a long-running test. See https://jestjs.io/docs/api#testname-fn-timeout.\"\n\u001b[2m\u001b[22m\n\u001b[2m    \u001b[0m \u001b[90m 11 |\u001b[39m } \u001b[36mfrom\u001b[39m \u001b[32m'../../db.js'\u001b[39m\u001b[33m;\u001b[39m\u001b[22m\n\u001b[2m     \u001b[90m 12 |\u001b[39m\u001b[22m\n\u001b[2m    \u001b[31m\u001b[1m>\u001b[22m\u001b[2m\u001b[39m\u001b[90m 13 |\u001b[39m beforeEach(\u001b[36masync\u001b[39m () \u001b[33m=>\u001b[39m {\u001b[22m\n\u001b[2m     \u001b[90m    |\u001b[39m \u001b[31m\u001b[1m^\u001b[22m\u001b[2m\u001b[39m\u001b[22m\n\u001b[2m     \u001b[90m 14 |\u001b[39m   setupIndexedDB()\u001b[33m;\u001b[39m\u001b[22m\n\u001b[2m     \u001b[90m 15 |\u001b[39m   \u001b[36mawait\u001b[39m clearDatabase()\u001b[33m;\u001b[39m\u001b[22m\n\u001b[2m     \u001b[90m 16 |\u001b[39m })\u001b[33m;\u001b[39m\u001b[0m\u001b[22m\n\u001b[2m\u001b[22m\n\u001b[2m      \u001b[2mat \u001b[22m\u001b[2m\u001b[0m\u001b[36mtests/unit/db.test.js\u001b[39m\u001b[0m\u001b[2m:13:1\u001b[22m\u001b[2m\u001b[22m\n\n\u001b[1m\u001b[31m  \u001b[1m● \u001b[22m\u001b[1mdb.js - API Contract › expected exports › should export saveChunk function\u001b[39m\u001b[22m\n\n    thrown: \"Exceeded timeout of 5000 ms for a hook.\n    Add a timeout value to this test to increase the timeout, if this is a long-running test. See https://jestjs.io/docs/api#testname-fn-timeout.\"\n\u001b[2m\u001b[22m\n\u001b[2m    \u001b[0m \u001b[90m 11 |\u001b[39m } \u001b[36mfrom\u001b[39m \u001b[32m'../../db.js'\u001b[39m\u001b[33m;\u001b[39m\u001b[22m\n\u001b[2m     \u001b[90m 12 |\u001b[39m\u001b[22m\n\u001b[2m    \u001b[31m\u001b[1m>\u001b[22m\u001b[2m\u001b[39m\u001b[90m 13 |\u001b[39m beforeEach(\u001b[36masync\u001b[39m () \u001b[33m=>\u001b[39m {\u001b[22m\n\u001b[2m     \u001b[90m    |\u001b[39m \u001b[31m\u001b[1m^\u001b[22m\u001b[2m\u001b[39m\u001b[22m\n\u001b[2m     \u001b[90m 14 |\u001b[39m   setupIndexedDB()\u001b[33m;\u001b[39m\u001b[22m\n\u001b[2m     \u001b[90m 15 |\u001b[39m   \u001b[36mawait\u001b[39m clearDatabase()\u001b[33m;\u001b[39m\u001b[22m\n\u001b[2m     \u001b[90m 16 |\u001b[39m })\u001b[33m;\u001b[39m\u001b[0m\u001b[22m\n\u001b[2m\u001b[22m\n\u001b[2m      \u001b[2mat \u001b[22m\u001b[2m\u001b[0m\u001b[36mtests/unit/db.test.js\u001b[39m\u001b[0m\u001b[2m:13:1\u001b[22m\u001b[2m\u001b[22m\n\n\u001b[1m\u001b[31m  \u001b[1m● \u001b[22m\u001b[1mdb.js - API Contract › expected exports › should export finishRecording function\u001b[39m\u001b[22m\n\n    thrown: \"Exceeded timeout of 5000 ms for a hook.\n    Add a timeout value to this test to increase the timeout, if this is a long-running test. See https://jestjs.io/docs/api#testname-fn-timeout.\"\n\u001b[2m\u001b[22m\n\u001b[2m    \u001b[0m \u001b[90m 11 |\u001b[39m } \u001b[36mfrom\u001b[39m \u001b[32m'../../db.js'\u001b[39m\u001b[33m;\u001b[39m\u001b[22m\n\u001b[2m     \u001b[90m 12 |\u001b[39m\u001b[22m\n\u001b[2m    \u001b[31m\u001b[1m>\u001b[22m\u001b[2m\u001b[39m\u001b[90m 13 |\u001b[39m beforeEach(\u001b[36masync\u001b[39m () \u001b[33m=>\u001b[39m {\u001b[22m\n\u001b[2m     \u001b[90m    |\u001b[39m \u001b[31m\u001b[1m^\u001b[22m\u001b[2m\u001b[39m\u001b[22m\n\u001b[2m     \u001b[90m 14 |\u001b[39m   setupIndexedDB()\u001b[33m;\u001b[39m\u001b[22m\n\u001b[2m     \u001b[90m 15 |\u001b[39m   \u001b[36mawait\u001b[39m clearDatabase()\u001b[33m;\u001b[39m\u001b[22m\n\u001b[2m     \u001b[90m 16 |\u001b[39m })\u001b[33m;\u001b[39m\u001b[0m\u001b[22m\n\u001b[2m\u001b[22m\n\u001b[2m      \u001b[2mat \u001b[22m\u001b[2m\u001b[0m\u001b[36mtests/unit/db.test.js\u001b[39m\u001b[0m\u001b[2m:13:1\u001b[22m\u001b[2m\u001b[22m\n\n\u001b[1m\u001b[31m  \u001b[1m● \u001b[22m\u001b[1mdb.js - API Contract › expected exports › should export getRecording function\u001b[39m\u001b[22m\n\n    thrown: \"Exceeded timeout of 5000 ms for a hook.\n    Add a timeout value to this test to increase the timeout, if this is a long-running test. See https://jestjs.io/docs/api#testname-fn-timeout.\"\n\u001b[2m\u001b[22m\n\u001b[2m    \u001b[0m \u001b[90m 11 |\u001b[39m } \u001b[36mfrom\u001b[39m \u001b[32m'../../db.js'\u001b[39m\u001b[33m;\u001b[39m\u001b[22m\n\u001b[2m     \u001b[90m 12 |\u001b[39m\u001b[22m\n\u001b[2m    \u001b[31m\u001b[1m>\u001b[22m\u001b[2m\u001b[39m\u001b[90m 13 |\u001b[39m beforeEach(\u001b[36masync\u001b[39m () \u001b[33m=>\u001b[39m {\u001b[22m\n\u001b[2m     \u001b[90m    |\u001b[39m \u001b[31m\u001b[1m^\u001b[22m\u001b[2m\u001b[39m\u001b[22m\n\u001b[2m     \u001b[90m 14 |\u001b[39m   setupIndexedDB()\u001b[33m;\u001b[39m\u001b[22m\n\u001b[2m     \u001b[90m 15 |\u001b[39m   \u001b[36mawait\u001b[39m clearDatabase()\u001b[33m;\u001b[39m\u001b[22m\n\u001b[2m     \u001b[90m 16 |\u001b[39m })\u001b[33m;\u001b[39m\u001b[0m\u001b[22m\n\u001b[2m\u001b[22m\n\u001b[2m      \u001b[2mat \u001b[22m\u001b[2m\u001b[0m\u001b[36mtests/unit/db.test.js\u001b[39m\u001b[0m\u001b[2m:13:1\u001b[22m\u001b[2m\u001b[22m\n\n\u001b[1m\u001b[31m  \u001b[1m● \u001b[22m\u001b[1mdb.js - API Contract › expected exports › should export deleteRecording function\u001b[39m\u001b[22m\n\n    thrown: \"Exceeded timeout of 5000 ms for a hook.\n    Add a timeout value to this test to increase the timeout, if this is a long-running test. See https://jestjs.io/docs/api#testname-fn-timeout.\"\n\u001b[2m\u001b[22m\n\u001b[2m    \u001b[0m \u001b[90m 11 |\u001b[39m } \u001b[36mfrom\u001b[39m \u001b[32m'../../db.js'\u001b[39m\u001b[33m;\u001b[39m\u001b[22m\n\u001b[2m     \u001b[90m 12 |\u001b[39m\u001b[22m\n\u001b[2m    \u001b[31m\u001b[1m>\u001b[22m\u001b[2m\u001b[39m\u001b[90m 13 |\u001b[39m beforeEach(\u001b[36masync\u001b[39m () \u001b[33m=>\u001b[39m {\u001b[22m\n\u001b[2m     \u001b[90m    |\u001b[39m \u001b[31m\u001b[1m^\u001b[22m\u001b[2m\u001b[39m\u001b[22m\n\u001b[2m     \u001b[90m 14 |\u001b[39m   setupIndexedDB()\u001b[33m;\u001b[39m\u001b[22m\n\u001b[2m     \u001b[90m 15 |\u001b[39m   \u001b[36mawait\u001b[39m clearDatabase()\u001b[33m;\u001b[39m\u001b[22m\n\u001b[2m     \u001b[90m 16 |\u001b[39m })\u001b[33m;\u001b[39m\u001b[0m\u001b[22m\n\u001b[2m\u001b[22m\n\u001b[2m      \u001b[2mat \u001b[22m\u001b[2m\u001b[0m\u001b[36mtests/unit/db.test.js\u001b[39m\u001b[0m\u001b[2m:13:1\u001b[22m\u001b[2m\u001b[22m\n\n\u001b[1m\u001b[31m  \u001b[1m● \u001b[22m\u001b[1mdb.js - API Contract › expected exports › should export getAllRecordings function\u001b[39m\u001b[22m\n\n    thrown: \"Exceeded timeout of 5000 ms for a hook.\n    Add a timeout value to this test to increase the timeout, if this is a long-running test. See https://jestjs.io/docs/api#testname-fn-timeout.\"\n\u001b[2m\u001b[22m\n\u001b[2m    \u001b[0m \u001b[90m 11 |\u001b[39m } \u001b[36mfrom\u001b[39m \u001b[32m'../../db.js'\u001b[39m\u001b[33m;\u001b[39m\u001b[22m\n\u001b[2m     \u001b[90m 12 |\u001b[39m\u001b[22m\n\u001b[2m    \u001b[31m\u001b[1m>\u001b[22m\u001b[2m\u001b[39m\u001b[90m 13 |\u001b[39m beforeEach(\u001b[36masync\u001b[39m () \u001b[33m=>\u001b[39m {\u001b[22m\n\u001b[2m     \u001b[90m    |\u001b[39m \u001b[31m\u001b[1m^\u001b[22m\u001b[2m\u001b[39m\u001b[22m\n\u001b[2m     \u001b[90m 14 |\u001b[39m   setupIndexedDB()\u001b[33m;\u001b[39m\u001b[22m\n\u001b[2m     \u001b[90m 15 |\u001b[39m   \u001b[36mawait\u001b[39m clearDatabase()\u001b[33m;\u001b[39m\u001b[22m\n\u001b[2m     \u001b[90m 16 |\u001b[39m })\u001b[33m;\u001b[39m\u001b[0m\u001b[22m\n\u001b[2m\u001b[22m\n\u001b[2m      \u001b[2mat \u001b[22m\u001b[2m\u001b[0m\u001b[36mtests/unit/db.test.js\u001b[39m\u001b[0m\u001b[2m:13:1\u001b[22m\u001b[2m\u001b[22m\n\n\u001b[1m\u001b[31m  \u001b[1m● \u001b[22m\u001b[1mdb.js - API Contract › expected exports › should export cleanupOldRecordings function\u001b[39m\u001b[22m\n\n    thrown: \"Exceeded timeout of 5000 ms for a hook.\n    Add a timeout value to this test to increase the timeout, if this is a long-running test. See https://jestjs.io/docs/api#testname-fn-timeout.\"\n\u001b[2m\u001b[22m\n\u001b[2m    \u001b[0m \u001b[90m 11 |\u001b[39m } \u001b[36mfrom\u001b[39m \u001b[32m'../../db.js'\u001b[39m\u001b[33m;\u001b[39m\u001b[22m\n\u001b[2m     \u001b[90m 12 |\u001b[39m\u001b[22m\n\u001b[2m    \u001b[31m\u001b[1m>\u001b[22m\u001b[2m\u001b[39m\u001b[90m 13 |\u001b[39m beforeEach(\u001b[36masync\u001b[39m () \u001b[33m=>\u001b[39m {\u001b[22m\n\u001b[2m     \u001b[90m    |\u001b[39m \u001b[31m\u001b[1m^\u001b[22m\u001b[2m\u001b[39m\u001b[22m\n\u001b[2m     \u001b[90m 14 |\u001b[39m   setupIndexedDB()\u001b[33m;\u001b[39m\u001b[22m\n\u001b[2m     \u001b[90m 15 |\u001b[39m   \u001b[36mawait\u001b[39m clearDatabase()\u001b[33m;\u001b[39m\u001b[22m\n\u001b[2m     \u001b[90m 16 |\u001b[39m })\u001b[33m;\u001b[39m\u001b[0m\u001b[22m\n\u001b[2m\u001b[22m\n\u001b[2m      \u001b[2mat \u001b[22m\u001b[2m\u001b[0m\u001b[36mtests/unit/db.test.js\u001b[39m\u001b[0m\u001b[2m:13:1\u001b[22m\u001b[2m\u001b[22m\n\n\u001b[1m\u001b[31m  \u001b[1m● \u001b[22m\u001b[1mdb.js - API Contract › expected exports › should export updateRecordingName function\u001b[39m\u001b[22m\n\n    thrown: \"Exceeded timeout of 5000 ms for a hook.\n    Add a timeout value to this test to increase the timeout, if this is a long-running test. See https://jestjs.io/docs/api#testname-fn-timeout.\"\n\u001b[2m\u001b[22m\n\u001b[2m    \u001b[0m \u001b[90m 11 |\u001b[39m } \u001b[36mfrom\u001b[39m \u001b[32m'../../db.js'\u001b[39m\u001b[33m;\u001b[39m\u001b[22m\n\u001b[2m     \u001b[90m 12 |\u001b[39m\u001b[22m\n\u001b[2m    \u001b[31m\u001b[1m>\u001b[22m\u001b[2m\u001b[39m\u001b[90m 13 |\u001b[39m beforeEach(\u001b[36masync\u001b[39m () \u001b[33m=>\u001b[39m {\u001b[22m\n\u001b[2m     \u001b[90m    |\u001b[39m \u001b[31m\u001b[1m^\u001b[22m\u001b[2m\u001b[39m\u001b[22m\n\u001b[2m     \u001b[90m 14 |\u001b[39m   setupIndexedDB()\u001b[33m;\u001b[39m\u001b[22m\n\u001b[2m     \u001b[90m 15 |\u001b[39m   \u001b[36mawait\u001b[39m clearDatabase()\u001b[33m;\u001b[39m\u001b[22m\n\u001b[2m     \u001b[90m 16 |\u001b[39m })\u001b[33m;\u001b[39m\u001b[0m\u001b[22m\n\u001b[2m\u001b[22m\n\u001b[2m      \u001b[2mat \u001b[22m\u001b[2m\u001b[0m\u001b[36mtests/unit/db.test.js\u001b[39m\u001b[0m\u001b[2m:13:1\u001b[22m\u001b[2m\u001b[22m\n\n\u001b[1m\u001b[31m  \u001b[1m● \u001b[22m\u001b[1mdb.js - API Contract › saveChunk - API contract › should accept (recordingId: string, chunk: Blob, index: number)\u001b[39m\u001b[22m\n\n    thrown: \"Exceeded timeout of 5000 ms for a hook.\n    Add a timeout value to this test to increase the timeout, if this is a long-running test. See https://jestjs.io/docs/api#testname-fn-timeout.\"\n\u001b[2m\u001b[22m\n\u001b[2m    \u001b[0m \u001b[90m 11 |\u001b[39m } \u001b[36mfrom\u001b[39m \u001b[32m'../../db.js'\u001b[39m\u001b[33m;\u001b[39m\u001b[22m\n\u001b[2m     \u001b[90m 12 |\u001b[39m\u001b[22m\n\u001b[2m    \u001b[31m\u001b[1m>\u001b[22m\u001b[2m\u001b[39m\u001b[90m 13 |\u001b[39m beforeEach(\u001b[36masync\u001b[39m () \u001b[33m=>\u001b[39m {\u001b[22m\n\u001b[2m     \u001b[90m    |\u001b[39m \u001b[31m\u001b[1m^\u001b[22m\u001b[2m\u001b[39m\u001b[22m\n\u001b[2m     \u001b[90m 14 |\u001b[39m   setupIndexedDB()\u001b[33m;\u001b[39m\u001b[22m\n\u001b[2m     \u001b[90m 15 |\u001b[39m   \u001b[36mawait\u001b[39m clearDatabase()\u001b[33m;\u001b[39m\u001b[22m\n\u001b[2m     \u001b[90m 16 |\u001b[39m })\u001b[33m;\u001b[39m\u001b[0m\u001b[22m\n\u001b[2m\u001b[22m\n\u001b[2m      \u001b[2mat \u001b[22m\u001b[2m\u001b[0m\u001b[36mtests/unit/db.test.js\u001b[39m\u001b[0m\u001b[2m:13:1\u001b[22m\u001b[2m\u001b[22m\n\n\u001b[1m\u001b[31m  \u001b[1m● \u001b[22m\u001b[1mdb.js - API Contract › saveChunk - API contract › should return Promise<void>\u001b[39m\u001b[22m\n\n    thrown: \"Exceeded timeout of 5000 ms for a hook.\n    Add a timeout value to this test to increase the timeout, if this is a long-running test. See https://jestjs.io/docs/api#testname-fn-timeout.\"\n\u001b[2m\u001b[22m\n\u001b[2m    \u001b[0m \u001b[90m 11 |\u001b[39m } \u001b[36mfrom\u001b[39m \u001b[32m'../../db.js'\u001b[39m\u001b[33m;\u001b[39m\u001b[22m\n\u001b[2m     \u001b[90m 12 |\u001b[39m\u001b[22m\n\u001b[2m    \u001b[31m\u001b[1m>\u001b[22m\u001b[2m\u001b[39m\u001b[90m 13 |\u001b[39m beforeEach(\u001b[36masync\u001b[39m () \u001b[33m=>\u001b[39m {\u001b[22m\n\u001b[2m     \u001b[90m    |\u001b[39m \u001b[31m\u001b[1m^\u001b[22m\u001b[2m\u001b[39m\u001b[22m\n\u001b[2m     \u001b[90m 14 |\u001b[39m   setupIndexedDB()\u001b[33m;\u001b[39m\u001b[22m\n\u001b[2m     \u001b[90m 15 |\u001b[39m   \u001b[36mawait\u001b[39m clearDatabase()\u001b[33m;\u001b[39m\u001b[22m\n\u001b[2m     \u001b[90m 16 |\u001b[39m })\u001b[33m;\u001b[39m\u001b[0m\u001b[22m\n\u001b[2m\u001b[22m\n\u001b[2m      \u001b[2mat \u001b[22m\u001b[2m\u001b[0m\u001b[36mtests/unit/db.test.js\u001b[39m\u001b[0m\u001b[2m:13:1\u001b[22m\u001b[2m\u001b[22m\n\n\u001b[1m\u001b[31m  \u001b[1m● \u001b[22m\u001b[1mdb.js - API Contract › finishRecording - API contract › should accept (id: string, mimeType: string, duration: number, size: number)\u001b[39m\u001b[22m\n\n    thrown: \"Exceeded timeout of 5000 ms for a hook.\n    Add a timeout value to this test to increase the timeout, if this is a long-running test. See https://jestjs.io/docs/api#testname-fn-timeout.\"\n\u001b[2m\u001b[22m\n\u001b[2m    \u001b[0m \u001b[90m 11 |\u001b[39m } \u001b[36mfrom\u001b[39m \u001b[32m'../../db.js'\u001b[39m\u001b[33m;\u00
[...]
s for a hook.\n    Add a timeout value to this test to increase the timeout, if this is a long-running test. See https://jestjs.io/docs/api#testname-fn-timeout.\"\n\u001b[2m\u001b[22m\n\u001b[2m    \u001b[0m \u001b[90m 11 |\u001b[39m } \u001b[36mfrom\u001b[39m \u001b[32m'../../db.js'\u001b[39m\u001b[33m;\u001b[39m\u001b[22m\n\u001b[2m     \u001b[90m 12 |\u001b[39m\u001b[22m\n\u001b[2m    \u001b[31m\u001b[1m>\u001b[22m\u001b[2m\u001b[39m\u001b[90m 13 |\u001b[39m beforeEach(\u001b[36masync\u001b[39m () \u001b[33m=>\u001b[39m {\u001b[22m\n\u001b[2m     \u001b[90m    |\u001b[39m \u001b[31m\u001b[1m^\u001b[22m\u001b[2m\u001b[39m\u001b[22m\n\u001b[2m     \u001b[90m 14 |\u001b[39m   setupIndexedDB()\u001b[33m;\u001b[39m\u001b[22m\n\u001b[2m     \u001b[90m 15 |\u001b[39m   \u001b[36mawait\u001b[39m clearDatabase()\u001b[33m;\u001b[39m\u001b[22m\n\u001b[2m     \u001b[90m 16 |\u001b[39m })\u001b[33m;\u001b[39m\u001b[0m\u001b[22m\n\u001b[2m\u001b[22m\n\u001b[2m      \u001b[2mat \u001b[22m\u001b[2m\u001b[0m\u001b[36mtests/unit/db.test.js\u001b[39m\u001b[0m\u001b[2m:13:1\u001b[22m\u001b[2m\u001b[22m\n\n\u001b[1m\u001b[31m  \u001b[1m● \u001b[22m\u001b[1mdb.js - API Contract › getRecording - API contract › should return Promise<{id, blob, mimeType, createdAt, name, duration, size}>\u001b[39m\u001b[22m\n\n    thrown: \"Exceeded timeout of 5000 ms for a hook.\n    Add a timeout value to this test to increase the timeout, if this is a long-running test. See https://jestjs.io/docs/api#testname-fn-timeout.\"\n\u001b[2m\u001b[22m\n\u001b[2m    \u001b[0m \u001b[90m 11 |\u001b[39m } \u001b[36mfrom\u001b[39m \u001b[32m'../../db.js'\u001b[39m\u001b[33m;\u001b[39m\u001b[22m\n\u001b[2m     \u001b[90m 12 |\u001b[39m\u001b[22m\n\u001b[2m    \u001b[31m\u001b[1m>\u001b[22m\u001b[2m\u001b[39m\u001b[90m 13 |\u001b[39m beforeEach(\u001b[36masync\u001b[39m () \u001b[33m=>\u001b[39m {\u001b[22m\n\u001b[2m     \u001b[90m    |\u001b[39m \u001b[31m\u001b[1m^\u001b[22m\u001b[2m\u001b[39m\u001b[22m\n\u001b[2m     \u001b[90m 14 |\u001b[39m   setupIndexedDB()\u001b[33m;\u001b[39m\u001b[22m\n\u001b[2m     \u001b[90m 15 |\u001b[39m   \u001b[36mawait\u001b[39m clearDatabase()\u001b[33m;\u001b[39m\u001b[22m\n\u001b[2m     \u001b[90m 16 |\u001b[39m })\u001b[33m;\u001b[39m\u001b[0m\u001b[22m\n\u001b[2m\u001b[22m\n\u001b[2m      \u001b[2mat \u001b[22m\u001b[2m\u001b[0m\u001b[36mtests/unit/db.test.js\u001b[39m\u001b[0m\u001b[2m:13:1\u001b[22m\u001b[2m\u001b[22m\n","name":"/Users/applesucks/dev/sceencast/tests/unit/db.test.js","startTime":1770673152416,"status":"failed","summary":""},{"assertionResults":[{"ancestorTitles":["media-recorder-utils.js","getOptimalCodec"],"duration":1,"failureDetails":[],"failureMessages":[],"fullName":"media-recorder-utils.js getOptimalCodec should return first supported codec","invocations":1,"location":null,"numPassingAsserts":1,"retryReasons":[],"status":"passed","title":"should return first supported codec"},{"ancestorTitles":["media-recorder-utils.js","getOptimalCodec"],"duration":1,"failureDetails":[],"failureMessages":[],"fullName":"media-recorder-utils.js getOptimalCodec should try codecs in priority order","invocations":1,"location":null,"numPassingAsserts":4,"retryReasons":[],"status":"passed","title":"should try codecs in priority order"},{"ancestorTitles":["media-recorder-utils.js","getOptimalCodec"],"duration":1,"failureDetails":[],"failureMessages":[],"fullName":"media-recorder-utils.js getOptimalCodec should fallback to generic webm","invocations":1,"location":null,"numPassingAsserts":1,"retryReasons":[],"status":"passed","title":"should fallback to generic webm"},{"ancestorTitles":["media-recorder-utils.js","getOptimalCodec"],"duration":1,"failureDetails":[],"failureMessages":[],"fullName":"media-recorder-utils.js getOptimalCodec should throw error if no codecs supported","invocations":1,"location":null,"numPassingAsserts":1,"retryReasons":[],"status":"passed","title":"should throw error if no codecs supported"},{"ancestorTitles":["media-recorder-utils.js","applyContentHints"],"duration":0,"failureDetails":[],"failureMessages":[],"fullName":"media-recorder-utils.js applyContentHints should apply detail hint to video track","invocations":1,"location":null,"numPassingAsserts":1,"retryReasons":[],"status":"passed","title":"should apply detail hint to video track"},{"ancestorTitles":["media-recorder-utils.js","applyContentHints"],"duration":1,"failureDetails":[],"failureMessages":[],"fullName":"media-recorder-utils.js applyContentHints should apply music hint to system audio","invocations":1,"location":null,"numPassingAsserts":1,"retryReasons":[],"status":"passed","title":"should apply music hint to system audio"},{"ancestorTitles":["media-recorder-utils.js","applyContentHints"],"duration":0,"failureDetails":[],"failureMessages":[],"fullName":"media-recorder-utils.js applyContentHints should apply speech hint to microphone","invocations":1,"location":null,"numPassingAsserts":1,"retryReasons":[],"status":"passed","title":"should apply speech hint to microphone"},{"ancestorTitles":["media-recorder-utils.js","applyContentHints"],"duration":0,"failureDetails":[],"failureMessages":[],"fullName":"media-recorder-utils.js applyContentHints should handle streams without contentHint support","invocations":1,"location":null,"numPassingAsserts":1,"retryReasons":[],"status":"passed","title":"should handle streams without contentHint support"},{"ancestorTitles":["media-recorder-utils.js","applyContentHints"],"duration":0,"failureDetails":[],"failureMessages":[],"fullName":"media-recorder-utils.js applyContentHints should handle missing getVideoTracks method","invocations":1,"location":null,"numPassingAsserts":1,"retryReasons":[],"status":"passed","title":"should handle missing getVideoTracks method"},{"ancestorTitles":["media-recorder-utils.js","applyContentHints"],"duration":1,"failureDetails":[],"failureMessages":[],"fullName":"media-recorder-utils.js applyContentHints should handle errors gracefully","invocations":1,"location":null,"numPassingAsserts":1,"retryReasons":[],"status":"passed","title":"should handle errors gracefully"},{"ancestorTitles":["media-recorder-utils.js","combineStreams"],"duration":0,"failureDetails":[],"failureMessages":[],"fullName":"media-recorder-utils.js combineStreams should combine display and mic streams","invocations":1,"location":null,"numPassingAsserts":4,"retryReasons":[],"status":"passed","title":"should combine display and mic streams"},{"ancestorTitles":["media-recorder-utils.js","combineStreams"],"duration":0,"failureDetails":[],"failureMessages":[],"fullName":"media-recorder-utils.js combineStreams should work without mic stream","invocations":1,"location":null,"numPassingAsserts":2,"retryReasons":[],"status":"passed","title":"should work without mic stream"},{"ancestorTitles":["media-recorder-utils.js","setupAutoStop"],"duration":1,"failureDetails":[],"failureMessages":[],"fullName":"media-recorder-utils.js setupAutoStop should add ended listener to video tracks","invocations":1,"location":null,"numPassingAsserts":1,"retryReasons":[],"status":"passed","title":"should add ended listener to video tracks"},{"ancestorTitles":["media-recorder-utils.js","setupAutoStop"],"duration":0,"failureDetails":[],"failureMessages":[],"fullName":"media-recorder-utils.js setupAutoStop should stop recorder when track ends","invocations":1,"location":null,"numPassingAsserts":2,"retryReasons":[],"status":"passed","title":"should stop recorder when track ends"},{"ancestorTitles":["media-recorder-utils.js","setupAutoStop"],"duration":0,"failureDetails":[],"failureMessages":[],"fullName":"media-recorder-utils.js setupAutoStop should not stop if recorder already inactive","invocations":1,"location":null,"numPassingAsserts":1,"retryReasons":[],"status":"passed","title":"should not stop if recorder already inactive"},{"ancestorTitles":["media-recorder-utils.js","setupAutoStop"],"duration":0,"failureDetails":[],"failureMessages":[],"fullName":"media-recorder-utils.js setupAutoStop should handle multiple video tracks","invocations":1,"location":null,"numPassingAsserts":2,"retryReasons":[],"status":"passed","title":"should handle multiple video tracks"},{"ancestorTitles":["media-recorder-utils.js","CHUNK_INTERVAL_MS"],"duration":0,"failureDetails":[],"failureMessages":[],"fullName":"media-recorder-utils.js CHUNK_INTERVAL_MS should be defined as 1000ms","invocations":1,"location":null,"numPassingAsserts":1,"retryReasons":[],"status":"passed","title":"should be defined as 1000ms"}],"endTime":1770673292632,"message":"","name":"/Users/applesucks/dev/sceencast/tests/unit/media-recorder-utils.test.js","startTime":1770673292561,"status":"passed","summary":""},{"assertionResults":[{"ancestorTitles":["storage-utils.js","checkStorageQuota"],"duration":1,"failureDetails":[],"failureMessages":[],"fullName":"storage-utils.js checkStorageQuota should return ok: true when sufficient space available","invocations":1,"location":null,"numPassingAsserts":2,"retryReasons":[],"status":"passed","title":"should return ok: true when sufficient space available"},{"ancestorTitles":["storage-utils.js","checkStorageQuota"],"duration":1,"failureDetails":[],"failureMessages":[],"fullName":"storage-utils.js checkStorageQuota should return ok: false when insufficient space","invocations":1,"location":null,"numPassingAsserts":3,"retryReasons":[],"status":"passed","title":"should return ok: false when insufficient space"},{"ancestorTitles":["storage-utils.js","checkStorageQuota"],"duration":0,"failureDetails":[],"failureMessages":[],"fullName":"storage-utils.js checkStorageQuota should return ok: true when StorageManager API not available","invocations":1,"location":null,"numPassingAsserts":1,"retryReasons":[],"status":"passed","title":"should return ok: true when StorageManager API not available"},{"ancestorTitles":["storage-utils.js","checkStorageQuota"],"duration":1,"failureDetails":[],"failureMessages":[],"fullName":"storage-utils.js checkStorageQuota should handle errors gracefully","invocations":1,"location":null,"numPassingAsserts":2,"retryReasons":[],"status":"passed","title":"should handle errors gracefully"},{"ancestorTitles":["storage-utils.js","checkSpaceForDuration"],"duration":0,"failureDetails":[],"failureMessages":[],"fullName":"storage-utils.js checkSpaceForDuration should return ok: true when enough space for duration","invocations":1,"location":null,"numPassingAsserts":2,"retryReasons":[],"status":"passed","title":"should return ok: true when enough space for duration"},{"ancestorTitles":["storage-utils.js","checkSpaceForDuration"],"duration":1,"failureDetails":[],"failureMessages":[],"fullName":"storage-utils.js checkSpaceForDuration should return ok: false when insufficient space for duration","invocations":1,"location":null,"numPassingAsserts":2,"retryReasons":[],"status":"passed","title":"should return ok: false when insufficient space for duration"},{"ancestorTitles":["storage-utils.js","checkSpaceForDuration"],"duration":0,"failureDetails":[],"failureMessages":[],"fullName":"storage-utils.js checkSpaceForDuration should return ok: true when API not available","invocations":1,"location":null,"numPassingAsserts":1,"retryReasons":[],"status":"passed","title":"should return ok: true when API not available"},{"ancestorTitles":["storage-utils.js","getStorageInfo"],"duration":1,"failureDetails":[],"failureMessages":[],"fullName":"storage-utils.js getStorageInfo should return storage information","invocations":1,"location":null,"numPassingAsserts":7,"retryReasons":[],"status":"passed","title":"should return storage information"},{"ancestorTitles":["storage-utils.js","getStorageInfo"],"duration":0,"failureDetails":[],"failureMessages":[],"fullName":"storage-utils.js getStorageInfo should return null when API not available","invocations":1,"location":null,"numPassingAsserts":1,"retryReasons":[],"status":"passed","title":"should return null when API not available"},{"ancestorTitles":["storage-utils.js","getStorageInfo"],"duration":0,"failureDetails":[],"failureMessages":[],"fullName":"storage-utils.js getStorageInfo should handle errors and return null","invocations":1,"location":null,"numPassingAsserts":1,"retryReasons":[],"status":"passed","title":"should handle errors and return null"},{"ancestorTitles":["storage-utils.js","requestPersistentStorage"],"duration":4,"failureDetails":[],"failureMessages":[],"fullName":"storage-utils.js requestPersistentStorage should return true when already persisted","invocations":1,"location":null,"numPassingAsserts":2,"retryReasons":[],"status":"passed","title":"should return true when already persisted"},{"ancestorTitles":["storage-utils.js","requestPersistentStorage"],"duration":0,"failureDetails":[],"failureMessages":[],"fullName":"storage-utils.js requestPersistentStorage should request persistence when not already persisted","invocations":1,"location":null,"numPassingAsserts":2,"retryReasons":[],"status":"passed","title":"should request persistence when not already persisted"},{"ancestorTitles":["storage-utils.js","requestPersistentStorage"],"duration":0,"failureDetails":[],"failureMessages":[],"fullName":"storage-utils.js requestPersistentStorage should return false when persistence denied","invocations":1,"location":null,"numPassingAsserts":1,"retryReasons":[],"status":"passed","title":"should return false when persistence denied"},{"ancestorTitles":["storage-utils.js","requestPersistentStorage"],"duration":0,"failureDetails":[],"failureMessages":[],"fullName":"storage-utils.js requestPersistentStorage should return false when API not available","invocations":1,"location":null,"numPassingAsserts":1,"retryReasons":[],"status":"passed","title":"should return false when API not available"},{"ancestorTitles":["storage-utils.js","requestPersistentStorage"],"duration":0,"failureDetails":[],"failureMessages":[],"fullName":"storage-utils.js requestPersistentStorage should handle errors gracefully","invocations":1,"location":null,"numPassingAsserts":1,"retryReasons":[],"status":"passed","title":"should handle errors gracefully"},{"ancestorTitles":["storage-utils.js","constants"],"duration":0,"failureDetails":[],"failureMessages":[],"fullName":"storage-utils.js constants should export MIN_FREE_SPACE_BYTES","invocations":1,"location":null,"numPassingAsserts":1,"retryReasons":[],"status":"passed","title":"should export MIN_FREE_SPACE_BYTES"},{"ancestorTitles":["storage-utils.js","constants"],"duration":0,"failureDetails":[],"failureMessages":[],"fullName":"storage-utils.js constants should export ESTIMATED_BYTES_PER_MINUTE","invocations":1,"location":null,"numPassingAsserts":1,"retryReasons":[],"status":"passed","title":"should export ESTIMATED_BYTES_PER_MINUTE"}],"endTime":1770673292689,"message":"","name":"/Users/applesucks/dev/sceencast/tests/unit/storage-utils.test.js","startTime":1770673292642,"status":"passed","summary":""},{"assertionResults":[{"ancestorTitles":["logger.js","createLogger"],"duration":1,"failureDetails":[],"failureMessages":[],"fullName":"logger.js createLogger should create a logger with component prefix","invocations":1,"location":null,"numPassingAsserts":3,"retryReasons":[],"status":"passed","title":"should create a logger with component prefix"},{"ancestorTitles":["logger.js","createLogger"],"duration":0,"failureDetails":[],"failureMessages":[],"fullName":"logger.js createLogger should return logger with correct structure","invocations":1,"location":null,"numPassingAsserts":3,"retryReasons":[],"status":"passed","title":"should return logger with correct structure"},{"ancestorTitles":["logger.js","createLogger"],"duration":0,"failureDetails":[],"failureMessages":[],"fullName":"logger.js createLogger should create different loggers for different components","invocations":1,"location":null,"numPassingAsserts":1,"retryReasons":[],"status":"passed","title":"should create different loggers for different components"},{"ancestorTitles":["logger.js","createLogger"],"duration":1,"failureDetails":[],"failureMessages":[],"fullName":"logger.js createLogger should not throw when calling logger methods","invocations":1,"location":null,"numPassingAsserts":3,"retryReasons":[],"status":"passed","title":"should not throw when calling logger methods"},{"ancestorTitles":["logger.js","createLogger"],"duration":0,"failureDetails":[],"failureMessages":[],"fullName":"logger.js createLogger should handle multiple arguments without throwing","invocations":1,"location":null,"numPassingAsserts":2,"retryReasons":[],"status":"passed","title":"should handle multiple arguments without throwing"},{"ancestorTitles":["logger.js","exported functions"],"duration":0,"failureDetails":[],"failureMessages":[],"fullName":"logger.js exported functions should export log function","invocations":1,"location":null,"numPassingAsserts":1,"retryReasons":[],"status":"passed","title":"should export log function"},{"ancestorTitles":["logger.js","exported functions"],"duration":0,"failureDetails":[],"failureMessages":[],"fullName":"logger.js exported functions should export warn function","invocations":1,"location":null,"numPassingAsserts":1,"retryReasons":[],"status":"passed","title":"should export warn function"},{"ancestorTitles":["logger.js","exported functions"],"duration":1,"failureDetails":[],"failureMessages":[],"fullName":"logger.js exported functions should export error function","invocations":1,"location":null,"numPassingAsserts":1,"retryReasons":[],"status":"passed","title":"should export error function"}],"endTime":1770673292729,"message":"","name":"/Users/applesucks/dev/sceencast/tests/unit/logger.test.js","startTime":1770673292695,"status":"passed","summary":""},{"assertionResults":[{"ancestorTitles":["constants.js","timeout constants"],"duration":1,"failureDetails":[],"failureMessages":[],"fullName":"constants.js timeout constants should define STOP_TIMEOUT_MS as 60 seconds","invocations":1,"location":null,"numPassingAsserts":1,"retryReasons":[],"status":"passed","title":"should define STOP_TIMEOUT_MS as 60 seconds"},{"ancestorTitles":["constants.js","timeout constants"],"duration":0,"failureDetails":[],"failureMessages":[],"fullName":"constants.js timeout constants should define DURATION_FIX_TIMEOUT_MS as 2 seconds","invocations":1,"location":null,"numPassingAsserts":1,"retryReasons":[],"status":"passed","title":"should define DURATION_FIX_TIMEOUT_MS as 2 seconds"},{"ancestorTitles":["constants.js","timeout constants"],"duration":1,"failureDetails":[],"failureMessages":[],"fullName":"constants.js timeout constants should define ERROR_DISPLAY_DURATION_MS as 2 seconds","invocations":1,"location":null,"numPassingAsserts":1,"retryReasons":[],"status":"passed","title":"should define ERROR_DISPLAY_DURATION_MS as 2 seconds"},{"ancestorTitles":["constants.js","database constants"],"duration":0,"failureDetails":[],"failureMessages":[],"fullName":"constants.js database constants should define AUTO_DELETE_AGE_MS as 24 hours","invocations":1,"location":null,"numPassingAsserts":1,"retryReasons":[],"status":"passed","title":"should define AUTO_DELETE_AGE_MS as 24 hours"},{"ancestorTitles":["constants.js","video playback constants"],"duration":0,"failureDetails":[],"failureMessages":[],"fullName":"constants.js video playback constants should define SEEK_POSITION_LARGE","invocations":1,"location":null,"numPassingAsserts":1,"retryReasons":[],"status":"passed","title":"should define SEEK_POSITION_LARGE"},{"ancestorTitles":["constants.js","video playback constants"],"duration":0,"failureDetails":[],"failureMessages":[],"fullName":"constants.js video playback constants should be a large finite number for seeking","invocations":1,"location":null,"numPassingAsserts":2,"retryReasons":[],"status":"passed","title":"should be a large finite number for seeking"}],"endTime":1770673292770,"message":"","name":"/Users/applesucks/dev/sceencast/tests/unit/constants.test.js","startTime":1770673292734,"status":"passed","summary":""}],"wasInterrupted":false}
