{"/Users/applesucks/dev/sceencast/constants.js": {"path":"/Users/applesucks/dev/sceencast/constants.js","statementMap":{"0":{"start":{"line":4,"column":31},"end":{"line":4,"column":37}},"1":{"start":{"line":5,"column":39},"end":{"line":5,"column":43}},"2":{"start":{"line":8,"column":34},"end":{"line":8,"column":53}},"3":{"start":{"line":11,"column":35},"end":{"line":11,"column":62}},"4":{"start":{"line":14,"column":41},"end":{"line":14,"column":45}}},"fnMap":{},"branchMap":{},"s":{"0":1,"1":1,"2":1,"3":1,"4":1},"f":{},"b":{},"inputSourceMap":null,"_coverageSchema":"1a1c01bbd47fc00a2c39e90264f33305004495a9","hash":"8b157653faa2236e681eb8fa3099dd1cac2179c5"}
,"/Users/applesucks/dev/sceencast/db.js": {"path":"/Users/applesucks/dev/sceencast/db.js","statementMap":{"0":{"start":{"line":1,"column":16},"end":{"line":1,"column":31}},"1":{"start":{"line":2,"column":19},"end":{"line":2,"column":20}},"2":{"start":{"line":3,"column":25},"end":{"line":3,"column":37}},"3":{"start":{"line":4,"column":21},"end":{"line":4,"column":29}},"4":{"start":{"line":7,"column":2},"end":{"line":42,"column":5}},"5":{"start":{"line":8,"column":20},"end":{"line":8,"column":55}},"6":{"start":{"line":9,"column":4},"end":{"line":9,"column":50}},"7":{"start":{"line":9,"column":28},"end":{"line":9,"column":49}},"8":{"start":{"line":10,"column":4},"end":{"line":10,"column":54}},"9":{"start":{"line":10,"column":30},"end":{"line":10,"column":53}},"10":{"start":{"line":11,"column":4},"end":{"line":41,"column":6}},"11":{"start":{"line":12,"column":17},"end":{"line":12,"column":36}},"12":{"start":{"line":13,"column":25},"end":{"line":13,"column":41}},"13":{"start":{"line":14,"column":26},"end":{"line":14,"column":50}},"14":{"start":{"line":17,"column":6},"end":{"line":24,"column":7}},"15":{"start":{"line":21,"column":8},"end":{"line":23,"column":9}},"16":{"start":{"line":22,"column":10},"end":{"line":22,"column":45}},"17":{"start":{"line":27,"column":6},"end":{"line":30,"column":7}},"18":{"start":{"line":33,"column":6},"end":{"line":35,"column":7}},"19":{"start":{"line":34,"column":8},"end":{"line":34,"column":66}},"20":{"start":{"line":37,"column":6},"end":{"line":40,"column":7}},"21":{"start":{"line":38,"column":27},"end":{"line":38,"column":100}},"22":{"start":{"line":39,"column":8},"end":{"line":39,"column":80}},"23":{"start":{"line":46,"column":13},"end":{"line":46,"column":27}},"24":{"start":{"line":47,"column":2},"end":{"line":55,"column":5}},"25":{"start":{"line":48,"column":15},"end":{"line":48,"column":56}},"26":{"start":{"line":49,"column":18},"end":{"line":49,"column":46}},"27":{"start":{"line":50,"column":20},"end":{"line":50,"column":60}},"28":{"start":{"line":51,"column":4},"end":{"line":51,"column":40}},"29":{"start":{"line":51,"column":30},"end":{"line":51,"column":39}},"30":{"start":{"line":52,"column":4},"end":{"line":52,"column":50}},"31":{"start":{"line":52,"column":28},"end":{"line":52,"column":49}},"32":{"start":{"line":53,"column":4},"end":{"line":53,"column":37}},"33":{"start":{"line":53,"column":26},"end":{"line":53,"column":36}},"34":{"start":{"line":54,"column":4},"end":{"line":54,"column":34}},"35":{"start":{"line":54,"column":23},"end":{"line":54,"column":33}},"36":{"start":{"line":59,"column":13},"end":{"line":59,"column":27}},"37":{"start":{"line":60,"column":2},"end":{"line":68,"column":5}},"38":{"start":{"line":61,"column":15},"end":{"line":61,"column":60}},"39":{"start":{"line":62,"column":18},"end":{"line":62,"column":50}},"40":{"start":{"line":63,"column":20},"end":{"line":63,"column":98}},"41":{"start":{"line":64,"column":4},"end":{"line":64,"column":40}},"42":{"start":{"line":64,"column":30},"end":{"line":64,"column":39}},"43":{"start":{"line":65,"column":4},"end":{"line":65,"column":50}},"44":{"start":{"line":65,"column":28},"end":{"line":65,"column":49}},"45":{"start":{"line":66,"column":4},"end":{"line":66,"column":37}},"46":{"start":{"line":66,"column":26},"end":{"line":66,"column":36}},"47":{"start":{"line":67,"column":4},"end":{"line":67,"column":34}},"48":{"start":{"line":67,"column":23},"end":{"line":67,"column":33}},"49":{"start":{"line":72,"column":13},"end":{"line":72,"column":27}},"50":{"start":{"line":73,"column":2},"end":{"line":92,"column":5}},"51":{"start":{"line":74,"column":15},"end":{"line":74,"column":60}},"52":{"start":{"line":75,"column":18},"end":{"line":75,"column":50}},"53":{"start":{"line":76,"column":23},"end":{"line":76,"column":36}},"54":{"start":{"line":78,"column":4},"end":{"line":88,"column":6}},"55":{"start":{"line":79,"column":24},"end":{"line":79,"column":41}},"56":{"start":{"line":80,"column":6},"end":{"line":87,"column":7}},"57":{"start":{"line":81,"column":8},"end":{"line":81,"column":30}},"58":{"start":{"line":82,"column":27},"end":{"line":82,"column":47}},"59":{"start":{"line":83,"column":8},"end":{"line":83,"column":47}},"60":{"start":{"line":83,"column":37},"end":{"line":83,"column":46}},"61":{"start":{"line":84,"column":8},"end":{"line":84,"column":60}},"62":{"start":{"line":84,"column":35},"end":{"line":84,"column":59}},"63":{"start":{"line":86,"column":8},"end":{"line":86,"column":49}},"64":{"start":{"line":89,"column":4},"end":{"line":89,"column":56}},"65":{"start":{"line":89,"column":31},"end":{"line":89,"column":55}},"66":{"start":{"line":90,"column":4},"end":{"line":90,"column":37}},"67":{"start":{"line":90,"column":26},"end":{"line":90,"column":36}},"68":{"start":{"line":91,"column":4},"end":{"line":91,"column":34}},"69":{"start":{"line":91,"column":23},"end":{"line":91,"column":33}},"70":{"start":{"line":96,"column":13},"end":{"line":96,"column":27}},"71":{"start":{"line":99,"column":15},"end":{"line":105,"column":4}},"72":{"start":{"line":100,"column":15},"end":{"line":100,"column":59}},"73":{"start":{"line":101,"column":18},"end":{"line":101,"column":50}},"74":{"start":{"line":102,"column":16},"end":{"line":102,"column":29}},"75":{"start":{"line":103,"column":4},"end":{"line":103,"column":46}},"76":{"start":{"line":103,"column":26},"end":{"line":103,"column":45}},"77":{"start":{"line":104,"column":4},"end":{"line":104,"column":42}},"78":{"start":{"line":104,"column":24},"end":{"line":104,"column":41}},"79":{"start":{"line":107,"column":2},"end":{"line":110,"column":3}},"80":{"start":{"line":108,"column":4},"end":{"line":108,"column":15}},"81":{"start":{"line":109,"column":4},"end":{"line":109,"column":16}},"82":{"start":{"line":113,"column":17},"end":{"line":125,"column":4}},"83":{"start":{"line":114,"column":15},"end":{"line":114,"column":55}},"84":{"start":{"line":115,"column":18},"end":{"line":115,"column":46}},"85":{"start":{"line":116,"column":18},"end":{"line":116,"column":44}},"86":{"start":{"line":117,"column":16},"end":{"line":117,"column":50}},"87":{"start":{"line":118,"column":4},"end":{"line":123,"column":6}},"88":{"start":{"line":119,"column":22},"end":{"line":119,"column":32}},"89":{"start":{"line":121,"column":6},"end":{"line":121,"column":48}},"90":{"start":{"line":121,"column":29},"end":{"line":121,"column":46}},"91":{"start":{"line":122,"column":6},"end":{"line":122,"column":41}},"92":{"start":{"line":122,"column":31},"end":{"line":122,"column":38}},"93":{"start":{"line":124,"column":4},"end":{"line":124,"column":42}},"94":{"start":{"line":124,"column":24},"end":{"line":124,"column":41}},"95":{"start":{"line":127,"column":2},"end":{"line":127,"column":13}},"96":{"start":{"line":130,"column":15},"end":{"line":130,"column":56}},"97":{"start":{"line":131,"column":2},"end":{"line":131,"column":116}},"98":{"start":{"line":135,"column":13},"end":{"line":135,"column":27}},"99":{"start":{"line":136,"column":2},"end":{"line":149,"column":5}},"100":{"start":{"line":137,"column":15},"end":{"line":137,"column":59}},"101":{"start":{"line":138,"column":18},"end":{"line":138,"column":50}},"102":{"start":{"line":139,"column":20},"end":{"line":139,"column":34}},"103":{"start":{"line":140,"column":4},"end":{"line":145,"column":6}},"104":{"start":{"line":142,"column":22},"end":{"line":142,"column":36}},"105":{"start":{"line":143,"column":6},"end":{"line":143,"column":56}},"106":{"start":{"line":143,"column":29},"end":{"line":143,"column":54}},"107":{"start":{"line":144,"column":6},"end":{"line":144,"column":23}},"108":{"start":{"line":146,"column":4},"end":{"line":146,"column":50}},"109":{"start":{"line":146,"column":28},"end":{"line":146,"column":49}},"110":{"start":{"line":147,"column":4},"end":{"line":147,"column":37}},"111":{"start":{"line":147,"column":26},"end":{"line":147,"column":36}},"112":{"start":{"line":148,"column":4},"end":{"line":148,"column":34}},"113":{"start":{"line":148,"column":23},"end":{"line":148,"column":33}},"114":{"start":{"line":153,"column":13},"end":{"line":153,"column":27}},"115":{"start":{"line":154,"column":2},"end":{"line":181,"column":5}},"116":{"start":{"line":155,"column":15},"end":{"line":155,"column":76}},"117":{"start":{"line":158,"column":4},"end":{"line":158,"column":48}},"118":{"start":{"line":161,"column":23},"end":{"line":161,"column":51}},"119":{"start":{"line":162,"column":18},"end":{"line":162,"column":49}},"120":{"start":{"line":163,"column":16},"end":{"line":163,"column":57}},"121":{"start":{"line":165,"column":4},"end":{"line":171,"column":6}},"122":{"start":{"line":166,"column":21},"end":{"line":166,"column":40}},"123":{"start":{"line":167,"column":6},"end":{"line":170,"column":7}},"124":{"start":{"line":168,"column":8},"end":{"line":168,"column":45}},"125":{"start":{"line":169,"column":8},"end":{"line":169,"column":26}},"126":{"start":{"line":173,"column":4},"end":{"line":176,"column":6}},"127":{"start":{"line":174,"column":6},"end":{"line":174,"column":17}},"128":{"start":{"line":175,"column":6},"end":{"line":175,"column":16}},"129":{"start":{"line":177,"column":4},"end":{"line":180,"column":6}},"130":{"start":{"line":178,"column":6},"end":{"line":178,"column":17}},"131":{"start":{"line":179,"column":6},"end":{"line":179,"column":23}},"132":{"start":{"line":185,"column":13},"end":{"line":185,"column":27}},"133":{"start":{"line":186,"column":17},"end":{"line":186,"column":38}},"134":{"start":{"line":188,"column":2},"end":{"line":247,"column":5}},"135":{"start":{"line":189,"column":15},"end":{"line":189,"column":76}},"136":{"start":{"line":190,"column":18},"end":{"line":190,"column":50}},"137":{"start":{"line":191,"column":16},"end":{"line":191,"column":34}},"138":{"start":{"line":193,"column":24},"end":{"line":193,"column":26}},"139":{"start":{"line":195,"column":4},"end":{"line":234,"column":6}},"140":{"start":{"line":196,"column":21},"end":{"line":196,"column":40}},"141":{"start":{"line":197,"column":6},"end":{"line":233,"column":7}},"142":{"start":{"line":198,"column":8},"end":{"line":201,"column":9}},"143":{"start":{"line":199,"column":10},"end":{"line":199,"column":44}},"144":{"start":{"line":200,"column":10},"end":{"line":200,"column":26}},"145":{"start":{"line":202,"column":8},"end":{"line":202,"column":26}},"146":{"start":{"line":205,"column":8},"end":{"line":205,"column":45}},"147":{"start":{"line":205,"column":38},"end":{"line":205,"column":45}},"148":{"start":{"line":207,"column":27},"end":{"line":207,"column":55}},"149":{"start":{"line":208,"column":27},"end":{"line":208,"column":58}},"150":{"start":{"line":213,"column":24},"end":{"line":213,"column":25}},"151":{"start":{"line":214,"column":26},"end":{"line":219,"column":9}},"152":{"start":{"line":215,"column":10},"end":{"line":215,"column":22}},"153":{"start":{"line":216,"column":10},"end":{"line":218,"column":11}},"154":{"start":{"line":221,"column":8},"end":{"line":232,"column":11}},"155":{"start":{"line":222,"column":28},"end":{"line":222,"column":74}},"156":{"start":{"line":223,"column":11},"end":{"line":231,"column":13}},"157":{"start":{"line":224,"column":23},"end":{"line":224,"column":38}},"158":{"start":{"line":225,"column":13},"end":{"line":230,"column":14}},"159":{"start":{"line":226,"column":15},"end":{"line":226,"column":47}},"160":{"start":{"line":227,"column":15},"end":{"line":227,"column":28}},"161":{"start":{"line":229,"column":15},"end":{"line":229,"column":27}},"162":{"start":{"line":236,"column":4},"end":{"line":242,"column":6}},"163":{"start":{"line":237,"column":6},"end":{"line":237,"column":17}},"164":{"start":{"line":238,"column":6},"end":{"line":240,"column":7}},"165":{"start":{"line":239,"column":8},"end":{"line":239,"column":94}},"166":{"start":{"line":241,"column":6},"end":{"line":241,"column":16}},"167":{"start":{"line":243,"column":4},"end":{"line":246,"column":6}},"168":{"start":{"line":244,"column":6},"end":{"line":244,"column":17}},"169":{"start":{"line":245,"column":6},"end":{"line":245,"column":23}}},"fnMap":{"0":{"name":"openDB","decl":{"start":{"line":6,"column":9},"end":{"line":6,"column":15}},"loc":{"start":{"line":6,"column":18},"end":{"line":43,"column":1}},"line":6},"1":{"name":"(anonymous_1)","decl":{"start":{"line":7,"column":21},"end":{"line":7,"column":22}},"loc":{"start":{"line":7,"column":42},"end":{"line":42,"column":3}},"line":7},"2":{"name":"(anonymous_2)","decl":{"start":{"line":9,"column":22},"end":{"line":9,"column":23}},"loc":{"start":{"line":9,"column":28},"end":{"line":9,"column":49}},"line":9},"3":{"name":"(anonymous_3)","decl":{"start":{"line":10,"column":24},"end":{"line":10,"column":25}},"loc":{"start":{"line":10,"column":30},"end":{"line":10,"column":53}},"line":10},"4":{"name":"(anonymous_4)","decl":{"start":{"line":11,"column":30},"end":{"line":11,"column":31}},"loc":{"start":{"line":11,"column":41},"end":{"line":41,"column":5}},"line":11},"5":{"name":"saveChunk","decl":{"start":{"line":45,"column":22},"end":{"line":45,"column":31}},"loc":{"start":{"line":45,"column":59},"end":{"line":56,"column":1}},"line":45},"6":{"name":"(anonymous_6)","decl":{"start":{"line":47,"column":21},"end":{"line":47,"column":22}},"loc":{"start":{"line":47,"column":42},"end":{"line":55,"column":3}},"line":47},"7":{"name":"(anonymous_7)","decl":{"start":{"line":51,"column":24},"end":{"line":51,"column":25}},"loc":{"start":{"line":51,"column":30},"end":{"line":51,"column":39}},"line":51},"8":{"name":"(anonymous_8)","decl":{"start":{"line":52,"column":22},"end":{"line":52,"column":23}},"loc":{"start":{"line":52,"column":28},"end":{"line":52,"column":49}},"line":52},"9":{"name":"(anonymous_9)","decl":{"start":{"line":53,"column":20},"end":{"line":53,"column":21}},"loc":{"start":{"line":53,"column":26},"end":{"line":53,"column":36}},"line":53},"10":{"name":"(anonymous_10)","decl":{"start":{"line":54,"column":17},"end":{"line":54,"column":18}},"loc":{"start":{"line":54,"column":23},"end":{"line":54,"column":33}},"line":54},"11":{"name":"finishRecording","decl":{"start":{"line":58,"column":22},"end":{"line":58,"column":37}},"loc":{"start":{"line":58,"column":68},"end":{"line":69,"column":1}},"line":58},"12":{"name":"(anonymous_12)","decl":{"start":{"line":60,"column":21},"end":{"line":60,"column":22}},"loc":{"start":{"line":60,"column":42},"end":{"line":68,"column":3}},"line":60},"13":{"name":"(anonymous_13)","decl":{"start":{"line":64,"column":24},"end":{"line":64,"column":25}},"loc":{"start":{"line":64,"column":30},"end":{"line":64,"column":39}},"line":64},"14":{"name":"(anonymous_14)","decl":{"start":{"line":65,"column":22},"end":{"line":65,"column":23}},"loc":{"start":{"line":65,"column":28},"end":{"line":65,"column":49}},"line":65},"15":{"name":"(anonymous_15)","decl":{"start":{"line":66,"column":20},"end":{"line":66,"column":21}},"loc":{"start":{"line":66,"column":26},"end":{"line":66,"column":36}},"line":66},"16":{"name":"(anonymous_16)","decl":{"start":{"line":67,"column":17},"end":{"line":67,"column":18}},"loc":{"start":{"line":67,"column":23},"end":{"line":67,"column":33}},"line":67},"17":{"name":"updateRecordingName","decl":{"start":{"line":71,"column":22},"end":{"line":71,"column":41}},"loc":{"start":{"line":71,"column":52},"end":{"line":93,"column":1}},"line":71},"18":{"name":"(anonymous_18)","decl":{"start":{"line":73,"column":21},"end":{"line":73,"column":22}},"loc":{"start":{"line":73,"column":42},"end":{"line":92,"column":3}},"line":73},"19":{"name":"(anonymous_19)","decl":{"start":{"line":78,"column":27},"end":{"line":78,"column":28}},"loc":{"start":{"line":78,"column":33},"end":{"line":88,"column":5}},"line":78},"20":{"name":"(anonymous_20)","decl":{"start":{"line":83,"column":31},"end":{"line":83,"column":32}},"loc":{"start":{"line":83,"column":37},"end":{"line":83,"column":46}},"line":83},"21":{"name":"(anonymous_21)","decl":{"start":{"line":84,"column":29},"end":{"line":84,"column":30}},"loc":{"start":{"line":84,"column":35},"end":{"line":84,"column":59}},"line":84},"22":{"name":"(anonymous_22)","decl":{"start":{"line":89,"column":25},"end":{"line":89,"column":26}},"loc":{"start":{"line":89,"column":31},"end":{"line":89,"column":55}},"line":89},"23":{"name":"(anonymous_23)","decl":{"start":{"line":90,"column":20},"end":{"line":90,"column":21}},"loc":{"start":{"line":90,"column":26},"end":{"line":90,"column":36}},"line":90},"24":{"name":"(anonymous_24)","decl":{"start":{"line":91,"column":17},"end":{"line":91,"column":18}},"loc":{"start":{"line":91,"column":23},"end":{"line":91,"column":33}},"line":91},"25":{"name":"getRecording","decl":{"start":{"line":95,"column":22},"end":{"line":95,"column":34}},"loc":{"start":{"line":95,"column":39},"end":{"line":132,"column":1}},"line":95},"26":{"name":"(anonymous_26)","decl":{"start":{"line":99,"column":33},"end":{"line":99,"column":34}},"loc":{"start":{"line":99,"column":54},"end":{"line":105,"column":3}},"line":99},"27":{"name":"(anonymous_27)","decl":{"start":{"line":103,"column":20},"end":{"line":103,"column":21}},"loc":{"start":{"line":103,"column":26},"end":{"line":103,"column":45}},"line":103},"28":{"name":"(anonymous_28)","decl":{"start":{"line":104,"column":18},"end":{"line":104,"column":19}},"loc":{"start":{"line":104,"column":24},"end":{"line":104,"column":41}},"line":104},"29":{"name":"(anonymous_29)","decl":{"start":{"line":113,"column":35},"end":{"line":113,"column":36}},"loc":{"start":{"line":113,"column":56},"end":{"line":125,"column":3}},"line":113},"30":{"name":"(anonymous_30)","decl":{"start":{"line":118,"column":20},"end":{"line":118,"column":21}},"loc":{"start":{"line":118,"column":26},"end":{"line":123,"column":5}},"line":118},"31":{"name":"(anonymous_31)","decl":{"start":{"line":121,"column":19},"end":{"line":121,"column":20}},"loc":{"start":{"line":121,"column":29},"end":{"line":121,"column":46}},"line":121},"32":{"name":"(anonymous_32)","decl":{"start":{"line":122,"column":26},"end":{"line":122,"column":27}},"loc":{"start":{"line":122,"column":31},"end":{"line":122,"column":38}},"line":122},"33":{"name":"(anonymous_33)","decl":{"start":{"line":124,"column":18},"end":{"line":124,"column":19}},"loc":{"start":{"line":124,"column":24},"end":{"line":124,"column":41}},"line":124},"34":{"name":"getAllRecordings","decl":{"start":{"line":134,"column":22},"end":{"line":134,"column":38}},"loc":{"start":{"line":134,"column":41},"end":{"line":150,"column":1}},"line":134},"35":{"name":"(anonymous_35)","decl":{"start":{"line":136,"column":21},"end":{"line":136,"column":22}},"loc":{"start":{"line":136,"column":42},"end":{"line":149,"column":3}},"line":136},"36":{"name":"(anonymous_36)","decl":{"start":{"line":140,"column":24},"end":{"line":140,"column":25}},"loc":{"start":{"line":140,"column":30},"end":{"line":145,"column":5}},"line":140},"37":{"name":"(anonymous_37)","decl":{"start":{"line":143,"column":19},"end":{"line":143,"column":20}},"loc":{"start":{"line":143,"column":29},"end":{"line":143,"column":54}},"line":143},"38":{"name":"(anonymous_38)","decl":{"start":{"line":146,"column":22},"end":{"line":146,"column":23}},"loc":{"start":{"line":146,"column":28},"end":{"line":146,"column":49}},"line":146},"39":{"name":"(anonymous_39)","decl":{"start":{"line":147,"column":20},"end":{"line":147,"column":21}},"loc":{"start":{"line":147,"column":26},"end":{"line":147,"column":36}},"line":147},"40":{"name":"(anonymous_40)","decl":{"start":{"line":148,"column":17},"end":{"line":148,"column":18}},"loc":{"start":{"line":148,"column":23},"end":{"line":148,"column":33}},"line":148},"41":{"name":"deleteRecording","decl":{"start":{"line":152,"column":22},"end":{"line":152,"column":37}},"loc":{"start":{"line":152,"column":42},"end":{"line":182,"column":1}},"line":152},"42":{"name":"(anonymous_42)","decl":{"start":{"line":154,"column":21},"end":{"line":154,"column":22}},"loc":{"start":{"line":154,"column":42},"end":{"line":181,"column":3}},"line":154},"43":{"name":"(anonymous_43)","decl":{"start":{"line":165,"column":20},"end":{"line":165,"column":21}},"loc":{"start":{"line":165,"column":31},"end":{"line":171,"column":5}},"line":165},"44":{"name":"(anonymous_44)","decl":{"start":{"line":173,"column":20},"end":{"line":173,"column":21}},"loc":{"start":{"line":173,"column":26},"end":{"line":176,"column":5}},"line":173},"45":{"name":"(anonymous_45)","decl":{"start":{"line":177,"column":17},"end":{"line":177,"column":18}},"loc":{"start":{"line":177,"column":23},"end":{"line":180,"column":5}},"line":177},"46":{"name":"cleanupOldRecordings","decl":{"start":{"line":184,"column":22},"end":{"line":184,"column":42}},"loc":{"start":{"line":184,"column":75},"end":{"line":248,"column":1}},"line":184},"47":{"name":"(anonymous_47)","decl":{"start":{"line":188,"column":21},"end":{"line":188,"column":22}},"loc":{"start":{"line":188,"column":42},"end":{"line":247,"column":3}},"line":188},"48":{"name":"(anonymous_48)","decl":{"start":{"line":195,"column":20},"end":{"line":195,"column":21}},"loc":{"start":{"line":195,"column":31},"end":{"line":234,"column":5}},"line":195},"49":{"name":"(anonymous_49)","decl":{"start":{"line":214,"column":26},"end":{"line":214,"column":27}},"loc":{"start":{"line":214,"column":32},"end":{"line":219,"column":9}},"line":214},"50":{"name":"(anonymous_50)","decl":{"start":{"line":221,"column":28},"end":{"line":221,"column":29}},"loc":{"start":{"line":221,"column":34},"end":{"line":232,"column":9}},"line":221},"51":{"name":"(anonymous_51)","decl":{"start":{"line":223,"column":32},"end":{"line":223,"column":33}},"loc":{"start":{"line":223,"column":39},"end":{"line":231,"column":12}},"line":223},"52":{"name":"(anonymous_52)","decl":{"start":{"line":236,"column":20},"end":{"line":236,"column":21}},"loc":{"start":{"line":236,"column":26},"end":{"line":242,"column":5}},"line":236},"53":{"name":"(anonymous_53)","decl":{"start":{"line":243,"column":17},"end":{"line":243,"column":18}},"loc":{"start":{"line":243,"column":23},"end":{"line":246,"column":5}},"line":243}},"branchMap":{"0":{"loc":{"start":{"line":17,"column":6},"end":{"line":24,"column":7}},"type":"if","locations":[{"start":{"line":17,"column":6},"end":{"line":24,"column":7}},{"start":{},"end":{}}],"line":17},"1":{"loc":{"start":{"line":21,"column":8},"end":{"line":23,"column":9}},"type":"if","locations":[{"start":{"line":21,"column":8},"end":{"line":23,"column":9}},{"start":{},"end":{}}],"line":21},"2":{"loc":{"start":{"line":27,"column":6},"end":{"line":30,"column":7}},"type":"if","locations":[{"start":{"line":27,"column":6},"end":{"line":30,"column":7}},{"start":{},"end":{}}],"line":27},"3":{"loc":{"start":{"line":33,"column":6},"end":{"line":35,"column":7}},"type":"if","locations":[{"start":{"line":33,"column":6},"end":{"line":35,"column":7}},{"start":{},"end":{}}],"line":33},"4":{"loc":{"start":{"line":37,"column":6},"end":{"line":40,"column":7}},"type":"if","locations":[{"start":{"line":37,"column":6},"end":{"line":40,"column":7}},{"start":{},"end":{}}],"line":37},"5":{"loc":{"start":{"line":80,"column":6},"end":{"line":87,"column":7}},"type":"if","locations":[{"start":{"line":80,"column":6},"end":{"line":87,"column":7}},{"start":{"line":85,"column":13},"end":{"line":87,"column":7}}],"line":80},"6":{"loc":{"start":{"line":107,"column":2},"end":{"line":110,"column":3}},"type":"if","locations":[{"start":{"line":107,"column":2},"end":{"line":110,"column":3}},{"start":{},"end":{}}],"line":107},"7":{"loc":{"start":{"line":167,"column":6},"end":{"line":170,"column":7}},"type":"if","locations":[{"start":{"line":167,"column":6},"end":{"line":170,"column":7}},{"start":{},"end":{}}],"line":167},"8":{"loc":{"start":{"line":184,"column":43},"end":{"line":184,"column":73}},"type":"default-arg","locations":[{"start":{"line":184,"column":54},"end":{"line":184,"column":73}}],"line":184},"9":{"loc":{"start":{"line":197,"column":6},"end":{"line":233,"column":7}},"type":"if","locations":[{"start":{"line":197,"column":6},"end":{"line":233,"column":7}},{"start":{"line":203,"column":13},"end":{"line":233,"column":7}}],"line":197},"10":{"loc":{"start":{"line":198,"column":8},"end":{"line":201,"column":9}},"type":"if","locations":[{"start":{"line":198,"column":8},"end":{"line":201,"column":9}},{"start":{},"end":{}}],"line":198},"11":{"loc":{"start":{"line":205,"column":8},"end":{"line":205,"column":45}},"type":"if","locations":[{"start":{"line":205,"column":8},"end":{"line":205,"column":45}},{"start":{},"end":{}}],"line":205},"12":{"loc":{"start":{"line":216,"column":10},"end":{"line":218,"column":11}},"type":"if","locations":[{"start":{"line":216,"column":10},"end":{"line":218,"column":11}},{"start":{},"end":{}}],"line":216},"13":{"loc":{"start":{"line":225,"column":13},"end":{"line":230,"column":14}},"type":"if","locations":[{"start":{"line":225,"column":13},"end":{"line":230,"column":14}},{"start":{"line":228,"column":20},"end":{"line":230,"column":14}}],"line":225},"14":{"loc":{"start":{"line":238,"column":6},"end":{"line":240,"column":7}},"type":"if","locations":[{"start":{"line":238,"column":6},"end":{"line":240,"column":7}},{"start":{},"end":{}}],"line":238}},"s":{"0":1,"1":1,"2":1,"3":1,"4":0,"5":0,"6":0,"7":0,"8":0,"9":0,"10":0,"11":0,"12":0,"13":0,"14":0,"15":0,"16":0,"17":0,"18":0,"19":0,"20":0,"21":0,"22":0,"23":0,"24":0,"25":0,"26":0,"27":0,"28":0,"29":0,"30":0,"31":0,"32":0,"33":0,"34":0,"35":0,"36":0,"37":0,"38":0,"39":0,"40":0,"41":0,"42":0,"43":0,"44":0,"45":0,"46":0,"47":0,"48":0,"49":0,"50":0,"51":0,"52":0,"53":0,"54":0,"55":0,"56":0,"57":0,"58":0,"59":0,"60":0,"61":0,"62":0,"63":0,"64":0,"65":0,"66":0,"67":0,"68":0,"69":0,"70":0,"71":0,"72":0,"73":0,"74":0,"75":0,"76":0,"77":0,"78":0,"79":0,"80":0,"81":0,"82":0,"83":0,"84":0,"85":0,"86":0,"87":0,"88":0,"89":0,"90":0,"91":0,"92":0,"93":0,"94":0,"95":0,"96":0,"97":0,"98":0,"99":0,"100":0,"101":0,"102":0,"103":0,"104":0,"105":0,"106":0,"107":0,"108":0,"109":0,"110":0,"111":0,"112":0,"113":0,"114":0,"115":0,"116":0,"117":0,"118":0,"119":0,"120":0,"121":0,"122":0,"123":0,"124":0,"125":0,"126":0,"127":0,"128":0,"129":0,"130":0,"131":0,"132":0,"133":0,"134":0,"135":0,"136":0,"137":0,"138":0,"139":0,"140":0,"141":0,"142":0,"143":0,"144":0,"145":0,"146":0,"147":0,"148":0,"149":0,"150":0,"151":0,"152":0,"153":0,"154":0,"155":0,"156":0,"157":0,"158":0,"159":0,"160":0,"161":0,"162":0,"163":0,"164":0,"165":0,"166":0,"167":0,"168":0,"169":0},"f":{"0":0,"1":0,"2":0,"3":0,"4":0,"5":0,"6":0,"7":0,"8":0,"9":0,"10":0,"11":0,"12":0,"13":0,"14":0,"15":0,"16":0,"17":0,"18":0,"19":0,"20":0,"21":0,"22":0,"23":0,"24":0,"25":0,"26":0,"27":0,"28":0,"29":0,"30":0,"31":0,"32":0,"33":0,"34":0,"35":0,"36":0,"37":0,"38":0,"39":0,"40":0,"41":0,"42":0,"43":0,"44":0,"45":0,"46":0,"47":0,"48":0,"49":0,"50":0,"51":0,"52":0,"53":0},"b":{"0":[0,0],"1":[0,0],"2":[0,0],"3":[0,0],"4":[0,0],"5":[0,0],"6":[0,0],"7":[0,0],"8":[0],"9":[0,0],"10":[0,0],"11":[0,0],"12":[0,0],"13":[0,0],"14":[0,0]},"inputSourceMap":null,"_coverageSchema":"1a1c01bbd47fc00a2c39e90264f33305004495a9","hash":"3b21c204d70abc056dc5214b89e114926269557f"}
,"/Users/applesucks/dev/sceencast/logger.js": {"path":"/Users/applesucks/dev/sceencast/logger.js","statementMap":{"0":{"start":{"line":4,"column":14},"end":{"line":4,"column":18}},"1":{"start":{"line":6,"column":19},"end":{"line":6,"column":63}},"2":{"start":{"line":7,"column":20},"end":{"line":7,"column":46}},"3":{"start":{"line":8,"column":21},"end":{"line":8,"column":48}},"4":{"start":{"line":12,"column":2},"end":{"line":16,"column":4}},"5":{"start":{"line":13,"column":22},"end":{"line":13,"column":52}},"6":{"start":{"line":14,"column":23},"end":{"line":14,"column":54}},"7":{"start":{"line":15,"column":24},"end":{"line":15,"column":56}}},"fnMap":{"0":{"name":"(anonymous_0)","decl":{"start":{"line":6,"column":55},"end":{"line":6,"column":56}},"loc":{"start":{"line":6,"column":61},"end":{"line":6,"column":63}},"line":6},"1":{"name":"createLogger","decl":{"start":{"line":11,"column":16},"end":{"line":11,"column":28}},"loc":{"start":{"line":11,"column":40},"end":{"line":17,"column":1}},"line":11},"2":{"name":"(anonymous_2)","decl":{"start":{"line":13,"column":9},"end":{"line":13,"column":10}},"loc":{"start":{"line":13,"column":22},"end":{"line":13,"column":52}},"line":13},"3":{"name":"(anonymous_3)","decl":{"start":{"line":14,"column":10},"end":{"line":14,"column":11}},"loc":{"start":{"line":14,"column":23},"end":{"line":14,"column":54}},"line":14},"4":{"name":"(anonymous_4)","decl":{"start":{"line":15,"column":11},"end":{"line":15,"column":12}},"loc":{"start":{"line":15,"column":24},"end":{"line":15,"column":56}},"line":15}},"branchMap":{"0":{"loc":{"start":{"line":6,"column":19},"end":{"line":6,"column":63}},"type":"cond-expr","locations":[{"start":{"line":6,"column":27},"end":{"line":6,"column":52}},{"start":{"line":6,"column":55},"end":{"line":6,"column":63}}],"line":6}},"s":{"0":3,"1":3,"2":3,"3":3,"4":8,"5":12,"6":7,"7":4},"f":{"0":0,"1":8,"2":12,"3":7,"4":4},"b":{"0":[3,0]},"inputSourceMap":null,"_coverageSchema":"1a1c01bbd47fc00a2c39e90264f33305004495a9","hash":"7056b09fd6c466caa8fee59e1502468c5adc9abb"}
,"/Users/applesucks/dev/sceencast/media-recorder-utils.js": {"path":"/Users/applesucks/dev/sceencast/media-recorder-utils.js","statementMap":{"0":{"start":{"line":6,"column":15},"end":{"line":6,"column":49}},"1":{"start":{"line":9,"column":33},"end":{"line":9,"column":37}},"2":{"start":{"line":17,"column":17},"end":{"line":23,"column":3}},"3":{"start":{"line":25,"column":2},"end":{"line":30,"column":3}},"4":{"start":{"line":26,"column":4},"end":{"line":29,"column":5}},"5":{"start":{"line":27,"column":6},"end":{"line":27,"column":43}},"6":{"start":{"line":28,"column":6},"end":{"line":28,"column":19}},"7":{"start":{"line":32,"column":2},"end":{"line":32,"column":99}},"8":{"start":{"line":43,"column":2},"end":{"line":71,"column":3}},"9":{"start":{"line":45,"column":23},"end":{"line":45,"column":53}},"10":{"start":{"line":46,"column":4},"end":{"line":48,"column":5}},"11":{"start":{"line":47,"column":6},"end":{"line":47,"column":40}},"12":{"start":{"line":51,"column":4},"end":{"line":58,"column":5}},"13":{"start":{"line":52,"column":26},"end":{"line":52,"column":57}},"14":{"start":{"line":53,"column":6},"end":{"line":57,"column":7}},"15":{"start":{"line":54,"column":8},"end":{"line":56,"column":9}},"16":{"start":{"line":55,"column":10},"end":{"line":55,"column":38}},"17":{"start":{"line":61,"column":4},"end":{"line":68,"column":5}},"18":{"start":{"line":62,"column":24},"end":{"line":62,"column":55}},"19":{"start":{"line":63,"column":6},"end":{"line":67,"column":7}},"20":{"start":{"line":64,"column":8},"end":{"line":66,"column":9}},"21":{"start":{"line":65,"column":10},"end":{"line":65,"column":39}},"22":{"start":{"line":70,"column":4},"end":{"line":70,"column":65}},"23":{"start":{"line":85,"column":39},"end":{"line":85,"column":48}},"24":{"start":{"line":87,"column":19},"end":{"line":87,"column":36}},"25":{"start":{"line":88,"column":19},"end":{"line":88,"column":58}},"26":{"start":{"line":90,"column":19},"end":{"line":90,"column":20}},"27":{"start":{"line":91,"column":18},"end":{"line":91,"column":19}},"28":{"start":{"line":92,"column":27},"end":{"line":92,"column":28}},"29":{"start":{"line":94,"column":2},"end":{"line":98,"column":4}},"30":{"start":{"line":95,"column":4},"end":{"line":95,"column":36}},"31":{"start":{"line":96,"column":4},"end":{"line":96,"column":70}},"32":{"start":{"line":97,"column":4},"end":{"line":97,"column":16}},"33":{"start":{"line":100,"column":2},"end":{"line":110,"column":4}},"34":{"start":{"line":101,"column":4},"end":{"line":109,"column":5}},"35":{"start":{"line":102,"column":6},"end":{"line":108,"column":7}},"36":{"start":{"line":103,"column":8},"end":{"line":103,"column":33}},"37":{"start":{"line":104,"column":8},"end":{"line":104,"column":59}},"38":{"start":{"line":106,"column":8},"end":{"line":106,"column":51}},"39":{"start":{"line":112,"column":2},"end":{"line":115,"column":4}},"40":{"start":{"line":113,"column":4},"end":{"line":113,"column":44}},"41":{"start":{"line":114,"column":4},"end":{"line":114,"column":17}},"42":{"start":{"line":117,"column":2},"end":{"line":127,"column":4}},"43":{"start":{"line":118,"column":21},"end":{"line":118,"column":52}},"44":{"start":{"line":119,"column":4},"end":{"line":119,"column":115}},"45":{"start":{"line":121,"column":4},"end":{"line":123,"column":5}},"46":{"start":{"line":122,"column":6},"end":{"line":122,"column":76}},"47":{"start":{"line":125,"column":26},"end":{"line":125,"column":59}},"48":{"start":{"line":126,"column":4},"end":{"line":126,"column":55}},"49":{"start":{"line":129,"column":2},"end":{"line":132,"column":4}},"50":{"start":{"line":131,"column":21},"end":{"line":131,"column":89}},"51":{"start":{"line":143,"column":17},"end":{"line":147,"column":3}},"52":{"start":{"line":148,"column":2},"end":{"line":148,"column":33}},"53":{"start":{"line":157,"column":2},"end":{"line":167,"column":5}},"54":{"start":{"line":158,"column":4},"end":{"line":166,"column":7}},"55":{"start":{"line":159,"column":6},"end":{"line":159,"column":62}},"56":{"start":{"line":160,"column":6},"end":{"line":165,"column":7}},"57":{"start":{"line":161,"column":8},"end":{"line":163,"column":9}},"58":{"start":{"line":162,"column":10},"end":{"line":162,"column":33}},"59":{"start":{"line":164,"column":8},"end":{"line":164,"column":24}}},"fnMap":{"0":{"name":"getOptimalCodec","decl":{"start":{"line":16,"column":16},"end":{"line":16,"column":31}},"loc":{"start":{"line":16,"column":34},"end":{"line":33,"column":1}},"line":16},"1":{"name":"applyContentHints","decl":{"start":{"line":42,"column":16},"end":{"line":42,"column":33}},"loc":{"start":{"line":42,"column":98},"end":{"line":72,"column":1}},"line":42},"2":{"name":"createMediaRecorder","decl":{"start":{"line":84,"column":16},"end":{"line":84,"column":35}},"loc":{"start":{"line":84,"column":73},"end":{"line":133,"column":1}},"line":84},"3":{"name":"(anonymous_3)","decl":{"start":{"line":94,"column":21},"end":{"line":94,"column":22}},"loc":{"start":{"line":94,"column":27},"end":{"line":98,"column":3}},"line":94},"4":{"name":"(anonymous_4)","decl":{"start":{"line":100,"column":29},"end":{"line":100,"column":30}},"loc":{"start":{"line":100,"column":42},"end":{"line":110,"column":3}},"line":100},"5":{"name":"(anonymous_5)","decl":{"start":{"line":112,"column":21},"end":{"line":112,"column":22}},"loc":{"start":{"line":112,"column":28},"end":{"line":115,"column":3}},"line":112},"6":{"name":"(anonymous_6)","decl":{"start":{"line":117,"column":20},"end":{"line":117,"column":21}},"loc":{"start":{"line":117,"column":32},"end":{"line":127,"column":3}},"line":117},"7":{"name":"(anonymous_7)","decl":{"start":{"line":131,"column":14},"end":{"line":131,"column":15}},"loc":{"start":{"line":131,"column":21},"end":{"line":131,"column":89}},"line":131},"8":{"name":"combineStreams","decl":{"start":{"line":142,"column":16},"end":{"line":142,"column":30}},"loc":{"start":{"line":142,"column":61},"end":{"line":149,"column":1}},"line":142},"9":{"name":"setupAutoStop","decl":{"start":{"line":156,"column":16},"end":{"line":156,"column":29}},"loc":{"start":{"line":156,"column":48},"end":{"line":168,"column":1}},"line":156},"10":{"name":"(anonymous_10)","decl":{"start":{"line":157,"column":34},"end":{"line":157,"column":35}},"loc":{"start":{"line":157,"column":45},"end":{"line":167,"column":3}},"line":157},"11":{"name":"(anonymous_11)","decl":{"start":{"line":158,"column":36},"end":{"line":158,"column":37}},"loc":{"start":{"line":158,"column":42},"end":{"line":166,"column":5}},"line":158}},"branchMap":{"0":{"loc":{"start":{"line":26,"column":4},"end":{"line":29,"column":5}},"type":"if","locations":[{"start":{"line":26,"column":4},"end":{"line":29,"column":5}},{"start":{},"end":{}}],"line":26},"1":{"loc":{"start":{"line":42,"column":42},"end":{"line":42,"column":96}},"type":"default-arg","locations":[{"start":{"line":42,"column":94},"end":{"line":42,"column":96}}],"line":42},"2":{"loc":{"start":{"line":42,"column":44},"end":{"line":42,"column":66}},"type":"default-arg","locations":[{"start":{"line":42,"column":61},"end":{"line":42,"column":66}}],"line":42},"3":{"loc":{"start":{"line":42,"column":68},"end":{"line":42,"column":89}},"type":"default-arg","locations":[{"start":{"line":42,"column":84},"end":{"line":42,"column":89}}],"line":42},"4":{"loc":{"start":{"line":46,"column":4},"end":{"line":48,"column":5}},"type":"if","locations":[{"start":{"line":46,"column":4},"end":{"line":48,"column":5}},{"start":{},"end":{}}],"line":46},"5":{"loc":{"start":{"line":46,"column":8},"end":{"line":46,"column":49}},"type":"binary-expr","locations":[{"start":{"line":46,"column":8},"end":{"line":46,"column":18}},{"start":{"line":46,"column":22},"end":{"line":46,"column":49}}],"line":46},"6":{"loc":{"start":{"line":51,"column":4},"end":{"line":58,"column":5}},"type":"if","locations":[{"start":{"line":51,"column":4},"end":{"line":58,"column":5}},{"start":{},"end":{}}],"line":51},"7":{"loc":{"start":{"line":52,"column":26},"end":{"line":52,"column":57}},"type":"binary-expr","locations":[{"start":{"line":52,"column":26},"end":{"line":52,"column":51}},{"start":{"line":52,"column":55},"end":{"line":52,"column":57}}],"line":52},"8":{"loc":{"start":{"line":54,"column":8},"end":{"line":56,"column":9}},"type":"if","locations":[{"start":{"line":54,"column":8},"end":{"line":56,"column":9}},{"start":{},"end":{}}],"line":54},"9":{"loc":{"start":{"line":61,"column":4},"end":{"line":68,"column":5}},"type":"if","locations":[{"start":{"line":61,"column":4},"end":{"line":68,"column":5}},{"start":{},"end":{}}],"line":61},"10":{"loc":{"start":{"line":62,"column":24},"end":{"line":62,"column":55}},"type":"binary-expr","locations":[{"start":{"line":62,"column":24},"end":{"line":62,"column":49}},{"start":{"line":62,"column":53},"end":{"line":62,"column":55}}],"line":62},"11":{"loc":{"start":{"line":64,"column":8},"end":{"line":66,"column":9}},"type":"if","locations":[{"start":{"line":64,"column":8},"end":{"line":66,"column":9}},{"start":{},"end":{}}],"line":64},"12":{"loc":{"start":{"line":84,"column":57},"end":{"line":84,"column":71}},"type":"default-arg","locations":[{"start":{"line":84,"column":69},"end":{"line":84,"column":71}}],"line":84},"13":{"loc":{"start":{"line":101,"column":4},"end":{"line":109,"column":5}},"type":"if","locations":[{"start":{"line":101,"column":4},"end":{"line":109,"column":5}},{"start":{},"end":{}}],"line":101},"14":{"loc":{"start":{"line":101,"column":8},"end":{"line":101,"column":33}},"type":"binary-expr","locations":[{"start":{"line":101,"column":8},"end":{"line":101,"column":14}},{"start":{"line":101,"column":18},"end":{"line":101,"column":33}}],"line":101},"15":{"loc":{"start":{"line":121,"column":4},"end":{"line":123,"column":5}},"type":"if","locations":[{"start":{"line":121,"column":4},"end":{"line":123,"column":5}},{"start":{},"end":{}}],"line":121},"16":{"loc":{"start":{"line":125,"column":26},"end":{"line":125,"column":59}},"type":"binary-expr","locations":[{"start":{"line":125,"column":26},"end":{"line":125,"column":43}},{"start":{"line":125,"column":47},"end":{"line":125,"column":59}}],"line":125},"17":{"loc":{"start":{"line":146,"column":8},"end":{"line":146,"column":51}},"type":"cond-expr","locations":[{"start":{"line":146,"column":20},"end":{"line":146,"column":46}},{"start":{"line":146,"column":49},"end":{"line":146,"column":51}}],"line":146},"18":{"loc":{"start":{"line":160,"column":6},"end":{"line":165,"column":7}},"type":"if","locations":[{"start":{"line":160,"column":6},"end":{"line":165,"column":7}},{"start":{},"end":{}}],"line":160},"19":{"loc":{"start":{"line":160,"column":10},"end":{"line":160,"column":51}},"type":"binary-expr","locations":[{"start":{"line":160,"column":10},"end":{"line":160,"column":18}},{"start":{"line":160,"column":22},"end":{"line":160,"column":51}}],"line":160},"20":{"loc":{"start":{"line":161,"column":8},"end":{"line":163,"column":9}},"type":"if","locations":[{"start":{"line":161,"column":8},"end":{"line":163,"column":9}},{"start":{},"end":{}}],"line":161}},"s":{"0":1,"1":1,"2":4,"3":4,"4":17,"5":3,"6":3,"7":1,"8":6,"9":6,"10":5,"11":1,"12":5,"13":1,"14":1,"15":1,"16":1,"17":5,"18":1,"19":1,"20":1,"21":1,"22":1,"23":0,"24":0,"25":0,"26":0,"27":0,"28":0,"29":0,"30":0,"31":0,"32":0,"33":0,"34":0,"35":0,"36":0,"37":0,"38":0,"39":0,"40":0,"41":0,"42":0,"43":0,"44":0,"45":0,"46":0,"47":0,"48":0,"49":0,"50":0,"51":2,"52":2,"53":4,"54":5,"55":2,"56":2,"57":1,"58":1,"59":1},"f":{"0":4,"1":6,"2":0,"3":0,"4":0,"5":0,"6":0,"7":0,"8":2,"9":4,"10":5,"11":2},"b":{"0":[3,14],"1":[4],"2":[5],"3":[5],"4":[1,4],"5":[5,2],"6":[1,4],"7":[1,0],"8":[1,0],"9":[1,4],"10":[1,0],"11":[1,0],"12":[0],"13":[0,0],"14":[0,0],"15":[0,0],"16":[0,0],"17":[1,1],"18":[1,1],"19":[2,2],"20":[1,0]},"inputSourceMap":null,"_coverageSchema":"1a1c01bbd47fc00a2c39e90264f33305004495a9","hash":"12c587ce4497d2e3df13505bcd1c66382ab89960"}
,"/Users/applesucks/dev/sceencast/storage-utils.js": {"path":"/Users/applesucks/dev/sceencast/storage-utils.js","statementMap":{"0":{"start":{"line":6,"column":15},"end":{"line":6,"column":43}},"1":{"start":{"line":10,"column":36},"end":{"line":10,"column":53}},"2":{"start":{"line":17,"column":42},"end":{"line":17,"column":58}},"3":{"start":{"line":24,"column":2},"end":{"line":61,"column":3}},"4":{"start":{"line":25,"column":4},"end":{"line":30,"column":5}},"5":{"start":{"line":28,"column":6},"end":{"line":28,"column":74}},"6":{"start":{"line":29,"column":6},"end":{"line":29,"column":26}},"7":{"start":{"line":32,"column":21},"end":{"line":32,"column":55}},"8":{"start":{"line":33,"column":18},"end":{"line":33,"column":37}},"9":{"start":{"line":34,"column":18},"end":{"line":34,"column":37}},"10":{"start":{"line":35,"column":22},"end":{"line":35,"column":35}},"11":{"start":{"line":37,"column":4},"end":{"line":42,"column":7}},"12":{"start":{"line":44,"column":4},"end":{"line":54,"column":5}},"13":{"start":{"line":45,"column":26},"end":{"line":45,"column":62}},"14":{"start":{"line":46,"column":25},"end":{"line":46,"column":72}},"15":{"start":{"line":47,"column":6},"end":{"line":53,"column":8}},"16":{"start":{"line":56,"column":4},"end":{"line":56,"column":49}},"17":{"start":{"line":58,"column":4},"end":{"line":58,"column":54}},"18":{"start":{"line":60,"column":4},"end":{"line":60,"column":78}},"19":{"start":{"line":70,"column":2},"end":{"line":100,"column":3}},"20":{"start":{"line":71,"column":4},"end":{"line":73,"column":5}},"21":{"start":{"line":72,"column":6},"end":{"line":72,"column":26}},"22":{"start":{"line":75,"column":21},"end":{"line":75,"column":55}},"23":{"start":{"line":76,"column":22},"end":{"line":76,"column":67}},"24":{"start":{"line":77,"column":26},"end":{"line":77,"column":71}},"25":{"start":{"line":79,"column":4},"end":{"line":83,"column":7}},"26":{"start":{"line":85,"column":4},"end":{"line":94,"column":5}},"27":{"start":{"line":86,"column":26},"end":{"line":86,"column":62}},"28":{"start":{"line":87,"column":23},"end":{"line":87,"column":63}},"29":{"start":{"line":88,"column":6},"end":{"line":93,"column":8}},"30":{"start":{"line":96,"column":4},"end":{"line":96,"column":50}},"31":{"start":{"line":98,"column":4},"end":{"line":98,"column":62}},"32":{"start":{"line":99,"column":4},"end":{"line":99,"column":73}},"33":{"start":{"line":108,"column":2},"end":{"line":129,"column":3}},"34":{"start":{"line":109,"column":4},"end":{"line":111,"column":5}},"35":{"start":{"line":110,"column":6},"end":{"line":110,"column":18}},"36":{"start":{"line":113,"column":21},"end":{"line":113,"column":55}},"37":{"start":{"line":114,"column":18},"end":{"line":114,"column":37}},"38":{"start":{"line":115,"column":18},"end":{"line":115,"column":37}},"39":{"start":{"line":116,"column":25},"end":{"line":116,"column":62}},"40":{"start":{"line":118,"column":4},"end":{"line":125,"column":6}},"41":{"start":{"line":127,"column":4},"end":{"line":127,"column":51}},"42":{"start":{"line":128,"column":4},"end":{"line":128,"column":16}},"43":{"start":{"line":137,"column":2},"end":{"line":159,"column":3}},"44":{"start":{"line":138,"column":4},"end":{"line":141,"column":5}},"45":{"start":{"line":139,"column":6},"end":{"line":139,"column":58}},"46":{"start":{"line":140,"column":6},"end":{"line":140,"column":19}},"47":{"start":{"line":143,"column":24},"end":{"line":143,"column":59}},"48":{"start":{"line":144,"column":4},"end":{"line":147,"column":5}},"49":{"start":{"line":145,"column":6},"end":{"line":145,"column":50}},"50":{"start":{"line":146,"column":6},"end":{"line":146,"column":18}},"51":{"start":{"line":149,"column":20},"end":{"line":149,"column":53}},"52":{"start":{"line":150,"column":4},"end":{"line":154,"column":5}},"53":{"start":{"line":151,"column":6},"end":{"line":151,"column":47}},"54":{"start":{"line":153,"column":6},"end":{"line":153,"column":47}},"55":{"start":{"line":155,"column":4},"end":{"line":155,"column":19}},"56":{"start":{"line":157,"column":4},"end":{"line":157,"column":61}},"57":{"start":{"line":158,"column":4},"end":{"line":158,"column":17}}},"fnMap":{"0":{"name":"checkStorageQuota","decl":{"start":{"line":23,"column":22},"end":{"line":23,"column":39}},"loc":{"start":{"line":23,"column":42},"end":{"line":62,"column":1}},"line":23},"1":{"name":"checkSpaceForDuration","decl":{"start":{"line":69,"column":22},"end":{"line":69,"column":43}},"loc":{"start":{"line":69,"column":62},"end":{"line":101,"column":1}},"line":69},"2":{"name":"getStorageInfo","decl":{"start":{"line":107,"column":22},"end":{"line":107,"column":36}},"loc":{"start":{"line":107,"column":39},"end":{"line":130,"column":1}},"line":107},"3":{"name":"requestPersistentStorage","decl":{"start":{"line":136,"column":22},"end":{"line":136,"column":46}},"loc":{"start":{"line":136,"column":49},"end":{"line":160,"column":1}},"line":136}},"branchMap":{"0":{"loc":{"start":{"line":25,"column":4},"end":{"line":30,"column":5}},"type":"if","locations":[{"start":{"line":25,"column":4},"end":{"line":30,"column":5}},{"start":{},"end":{}}],"line":25},"1":{"loc":{"start":{"line":25,"column":8},"end":{"line":25,"column":57}},"type":"binary-expr","locations":[{"start":{"line":25,"column":8},"end":{"line":25,"column":26}},{"start":{"line":25,"column":30},"end":{"line":25,"column":57}}],"line":25},"2":{"loc":{"start":{"line":33,"column":18},"end":{"line":33,"column":37}},"type":"binary-expr","locations":[{"start":{"line":33,"column":18},"end":{"line":33,"column":32}},{"start":{"line":33,"column":36},"end":{"line":33,"column":37}}],"line":33},"3":{"loc":{"start":{"line":34,"column":18},"end":{"line":34,"column":37}},"type":"binary-expr","locations":[{"start":{"line":34,"column":18},"end":{"line":34,"column":32}},{"start":{"line":34,"column":36},"end":{"line":34,"column":37}}],"line":34},"4":{"loc":{"start":{"line":44,"column":4},"end":{"line":54,"column":5}},"type":"if","locations":[{"start":{"line":44,"column":4},"end":{"line":54,"column":5}},{"start":{},"end":{}}],"line":44},"5":{"loc":{"start":{"line":71,"column":4},"end":{"line":73,"column":5}},"type":"if","locations":[{"start":{"line":71,"column":4},"end":{"line":73,"column":5}},{"start":{},"end":{}}],"line":71},"6":{"loc":{"start":{"line":71,"column":8},"end":{"line":71,"column":57}},"type":"binary-expr","locations":[{"start":{"line":71,"column":8},"end":{"line":71,"column":26}},{"start":{"line":71,"column":30},"end":{"line":71,"column":57}}],"line":71},"7":{"loc":{"start":{"line":76,"column":23},"end":{"line":76,"column":42}},"type":"binary-expr","locations":[{"start":{"line":76,"column":23},"end":{"line":76,"column":37}},{"start":{"line":76,"column":41},"end":{"line":76,"column":42}}],"line":76},"8":{"loc":{"start":{"line":76,"column":47},"end":{"line":76,"column":66}},"type":"binary-expr","locations":[{"start":{"line":76,"column":47},"end":{"line":76,"column":61}},{"start":{"line":76,"column":65},"end":{"line":76,"column":66}}],"line":76},"9":{"loc":{"start":{"line":85,"column":4},"end":{"line":94,"column":5}},"type":"if","locations":[{"start":{"line":85,"column":4},"end":{"line":94,"column":5}},{"start":{},"end":{}}],"line":85},"10":{"loc":{"start":{"line":109,"column":4},"end":{"line":111,"column":5}},"type":"if","locations":[{"start":{"line":109,"column":4},"end":{"line":111,"column":5}},{"start":{},"end":{}}],"line":109},"11":{"loc":{"start":{"line":109,"column":8},"end":{"line":109,"column":57}},"type":"binary-expr","locations":[{"start":{"line":109,"column":8},"end":{"line":109,"column":26}},{"start":{"line":109,"column":30},"end":{"line":109,"column":57}}],"line":109},"12":{"loc":{"start":{"line":114,"column":18},"end":{"line":114,"column":37}},"type":"binary-expr","locations":[{"start":{"line":114,"column":18},"end":{"line":114,"column":32}},{"start":{"line":114,"column":36},"end":{"line":114,"column":37}}],"line":114},"13":{"loc":{"start":{"line":115,"column":18},"end":{"line":115,"column":37}},"type":"binary-expr","locations":[{"start":{"line":115,"column":18},"end":{"line":115,"column":32}},{"start":{"line":115,"column":36},"end":{"line":115,"column":37}}],"line":115},"14":{"loc":{"start":{"line":116,"column":25},"end":{"line":116,"column":62}},"type":"cond-expr","locations":[{"start":{"line":116,"column":37},"end":{"line":116,"column":58}},{"start":{"line":116,"column":61},"end":{"line":116,"column":62}}],"line":116},"15":{"loc":{"start":{"line":138,"column":4},"end":{"line":141,"column":5}},"type":"if","locations":[{"start":{"line":138,"column":4},"end":{"line":141,"column":5}},{"start":{},"end":{}}],"line":138},"16":{"loc":{"start":{"line":138,"column":8},"end":{"line":138,"column":56}},"type":"binary-expr","locations":[{"start":{"line":138,"column":8},"end":{"line":138,"column":26}},{"start":{"line":138,"column":30},"end":{"line":138,"column":56}}],"line":138},"17":{"loc":{"start":{"line":144,"column":4},"end":{"line":147,"column":5}},"type":"if","locations":[{"start":{"line":144,"column":4},"end":{"line":147,"column":5}},{"start":{},"end":{}}],"line":144},"18":{"loc":{"start":{"line":150,"column":4},"end":{"line":154,"column":5}},"type":"if","locations":[{"start":{"line":150,"column":4},"end":{"line":154,"column":5}},{"start":{"line":152,"column":11},"end":{"line":154,"column":5}}],"line":150}},"s":{"0":1,"1":1,"2":1,"3":4,"4":4,"5":1,"6":1,"7":3,"8":2,"9":2,"10":2,"11":2,"12":2,"13":1,"14":1,"15":1,"16":1,"17":1,"18":1,"19":3,"20":3,"21":1,"22":2,"23":2,"24":2,"25":2,"26":2,"27":1,"28":1,"29":1,"30":1,"31":0,"32":0,"33":3,"34":3,"35":1,"36":2,"37":1,"38":1,"39":1,"40":1,"41":1,"42":1,"43":5,"44":5,"45":2,"46":2,"47":3,"48":3,"49":1,"50":1,"51":2,"52":2,"53":1,"54":1,"55":2,"56":0,"57":0},"f":{"0":4,"1":3,"2":3,"3":5},"b":{"0":[1,3],"1":[4,3],"2":[2,0],"3":[2,0],"4":[1,1],"5":[1,2],"6":[3,2],"7":[2,0],"8":[2,0],"9":[1,1],"10":[1,2],"11":[3,2],"12":[1,0],"13":[1,0],"14":[1,0],"15":[2,3],"16":[5,4],"17":[1,2],"18":[1,1]},"inputSourceMap":null,"_coverageSchema":"1a1c01bbd47fc00a2c39e90264f33305004495a9","hash":"ed3b5d269ca15c0f18805a52f0b458d65aaffa1a"}
}
