TN:
SF:constants.js
FNF:0
FNH:0
DA:4,1
DA:5,1
DA:8,1
DA:11,1
DA:14,1
LF:5
LH:5
BRF:0
BRH:0
end_of_record
TN:
SF:db.js
FN:6,openDB
FN:7,(anonymous_1)
FN:9,(anonymous_2)
FN:10,(anonymous_3)
FN:11,(anonymous_4)
FN:45,saveChunk
FN:47,(anonymous_6)
FN:51,(anonymous_7)
FN:52,(anonymous_8)
FN:53,(anonymous_9)
FN:54,(anonymous_10)
FN:58,finishRecording
FN:60,(anonymous_12)
FN:64,(anonymous_13)
FN:65,(anonymous_14)
FN:66,(anonymous_15)
FN:67,(anonymous_16)
FN:71,updateRecordingName
FN:73,(anonymous_18)
FN:78,(anonymous_19)
FN:83,(anonymous_20)
FN:84,(anonymous_21)
FN:89,(anonymous_22)
FN:90,(anonymous_23)
FN:91,(anonymous_24)
FN:95,getRecording
FN:99,(anonymous_26)
FN:103,(anonymous_27)
FN:104,(anonymous_28)
FN:113,(anonymous_29)
FN:118,(anonymous_30)
FN:121,(anonymous_31)
FN:122,(anonymous_32)
FN:124,(anonymous_33)
FN:134,getAllRecordings
FN:136,(anonymous_35)
FN:140,(anonymous_36)
FN:143,(anonymous_37)
FN:146,(anonymous_38)
FN:147,(anonymous_39)
FN:148,(anonymous_40)
FN:152,deleteRecording
FN:154,(anonymous_42)
FN:165,(anonymous_43)
FN:173,(anonymous_44)
FN:177,(anonymous_45)
FN:184,cleanupOldRecordings
FN:188,(anonymous_47)
FN:195,(anonymous_48)
FN:214,(anonymous_49)
FN:221,(anonymous_50)
FN:223,(anonymous_51)
FN:236,(anonymous_52)
FN:243,(anonymous_53)
FNF:54
FNH:0
FNDA:0,openDB
FNDA:0,(anonymous_1)
FNDA:0,(anonymous_2)
FNDA:0,(anonymous_3)
FNDA:0,(anonymous_4)
FNDA:0,saveChunk
FNDA:0,(anonymous_6)
FNDA:0,(anonymous_7)
FNDA:0,(anonymous_8)
FNDA:0,(anonymous_9)
FNDA:0,(anonymous_10)
FNDA:0,finishRecording
FNDA:0,(anonymous_12)
FNDA:0,(anonymous_13)
FNDA:0,(anonymous_14)
FNDA:0,(anonymous_15)
FNDA:0,(anonymous_16)
FNDA:0,updateRecordingName
FNDA:0,(anonymous_18)
FNDA:0,(anonymous_19)
FNDA:0,(anonymous_20)
FNDA:0,(anonymous_21)
FNDA:0,(anonymous_22)
FNDA:0,(anonymous_23)
FNDA:0,(anonymous_24)
FNDA:0,getRecording
FNDA:0,(anonymous_26)
FNDA:0,(anonymous_27)
FNDA:0,(anonymous_28)
FNDA:0,(anonymous_29)
FNDA:0,(anonymous_30)
FNDA:0,(anonymous_31)
FNDA:0,(anonymous_32)
FNDA:0,(anonymous_33)
FNDA:0,getAllRecordings
FNDA:0,(anonymous_35)
FNDA:0,(anonymous_36)
FNDA:0,(anonymous_37)
FNDA:0,(anonymous_38)
FNDA:0,(anonymous_39)
FNDA:0,(anonymous_40)
FNDA:0,deleteRecording
FNDA:0,(anonymous_42)
FNDA:0,(anonymous_43)
FNDA:0,(anonymous_44)
FNDA:0,(anonymous_45)
FNDA:0,cleanupOldRecordings
FNDA:0,(anonymous_47)
FNDA:0,(anonymous_48)
FNDA:0,(anonymous_49)
FNDA:0,(anonymous_50)
FNDA:0,(anonymous_51)
FNDA:0,(anonymous_52)
FNDA:0,(anonymous_53)
DA:1,1
DA:2,1
DA:3,1
DA:4,1
DA:7,0
DA:8,0
DA:9,0
DA:10,0
DA:11,0
DA:12,0
DA:13,0
DA:14,0
DA:17,0
DA:21,0
DA:22,0
DA:27,0
DA:33,0
DA:34,0
DA:37,0
DA:38,0
DA:39,0
DA:46,0
DA:47,0
DA:48,0
DA:49,0
DA:50,0
DA:51,0
DA:52,0
DA:53,0
DA:54,0
DA:59,0
DA:60,0
DA:61,0
DA:62,0
DA:63,0
DA:64,0
DA:65,0
DA:66,0
DA:67,0
DA:72,0
DA:73,0
DA:74,0
DA:75,0
DA:76,0
DA:78,0
DA:79,0
DA:80,0
DA:81,0
DA:82,0
DA:83,0
DA:84,0
DA:86,0
DA:89,0
DA:90,0
DA:91,0
DA:96,0
DA:99,0
DA:100,0
DA:101,0
DA:102,0
DA:103,0
DA:104,0
DA:107,0
DA:108,0
DA:109,0
DA:113,0
DA:114,0
DA:115,0
DA:116,0
DA:117,0
DA:118,0
DA:119,0
DA:121,0
DA:122,0
DA:124,0
DA:127,0
DA:130,0
DA:131,0
DA:135,0
DA:136,0
DA:137,0
DA:138,0
DA:139,0
DA:140,0
DA:142,0
DA:143,0
DA:144,0
DA:146,0
DA:147,0
DA:148,0
DA:153,0
DA:154,0
DA:155,0
DA:158,0
DA:161,0
DA:162,0
DA:163,0
DA:165,0
DA:166,0
DA:167,0
DA:168,0
DA:169,0
DA:173,0
DA:174,0
DA:175,0
DA:177,0
DA:178,0
DA:179,0
DA:185,0
DA:186,0
DA:188,0
DA:189,0
DA:190,0
DA:191,0
DA:193,0
DA:195,0
DA:196,0
DA:197,0
DA:198,0
DA:199,0
DA:200,0
DA:202,0
DA:205,0
DA:207,0
DA:208,0
DA:213,0
DA:214,0
DA:215,0
DA:216,0
DA:221,0
DA:222,0
DA:223,0
DA:224,0
DA:225,0
DA:226,0
DA:227,0
DA:229,0
DA:236,0
DA:237,0
DA:238,0
DA:239,0
DA:241,0
DA:243,0
DA:244,0
DA:245,0
LF:145
LH:4
BRDA:17,0,0,0
BRDA:17,0,1,0
BRDA:21,1,0,0
BRDA:21,1,1,0
BRDA:27,2,0,0
BRDA:27,2,1,0
BRDA:33,3,0,0
BRDA:33,3,1,0
BRDA:37,4,0,0
BRDA:37,4,1,0
BRDA:80,5,0,0
BRDA:80,5,1,0
BRDA:107,6,0,0
BRDA:107,6,1,0
BRDA:167,7,0,0
BRDA:167,7,1,0
BRDA:184,8,0,0
BRDA:197,9,0,0
BRDA:197,9,1,0
BRDA:198,10,0,0
BRDA:198,10,1,0
BRDA:205,11,0,0
BRDA:205,11,1,0
BRDA:216,12,0,0
BRDA:216,12,1,0
BRDA:225,13,0,0
BRDA:225,13,1,0
BRDA:238,14,0,0
BRDA:238,14,1,0
BRF:29
BRH:0
end_of_record
TN:
SF:logger.js
FN:6,(anonymous_0)
FN:11,createLogger
FN:13,(anonymous_2)
FN:14,(anonymous_3)
FN:15,(anonymous_4)
FNF:5
FNH:4
FNDA:0,(anonymous_0)
FNDA:8,createLogger
FNDA:12,(anonymous_2)
FNDA:7,(anonymous_3)
FNDA:4,(anonymous_4)
DA:4,3
DA:6,3
DA:7,3
DA:8,3
DA:12,8
DA:13,12
DA:14,7
DA:15,4
LF:8
LH:8
BRDA:6,0,0,3
BRDA:6,0,1,0
BRF:2
BRH:1
end_of_record
TN:
SF:media-recorder-utils.js
FN:16,getOptimalCodec
FN:42,applyContentHints
FN:84,createMediaRecorder
FN:94,(anonymous_3)
FN:100,(anonymous_4)
FN:112,(anonymous_5)
FN:117,(anonymous_6)
FN:131,(anonymous_7)
FN:142,combineStreams
FN:156,setupAutoStop
FN:157,(anonymous_10)
FN:158,(anonymous_11)
FNF:12
FNH:6
FNDA:4,getOptimalCodec
FNDA:6,applyContentHints
FNDA:0,createMediaRecorder
FNDA:0,(anonymous_3)
FNDA:0,(anonymous_4)
FNDA:0,(anonymous_5)
FNDA:0,(anonymous_6)
FNDA:0,(anonymous_7)
FNDA:2,combineStreams
FNDA:4,setupAutoStop
FNDA:5,(anonymous_10)
FNDA:2,(anonymous_11)
DA:6,1
DA:9,1
DA:17,4
DA:25,4
DA:26,17
DA:27,3
DA:28,3
DA:32,1
DA:43,6
DA:45,6
DA:46,5
DA:47,1
DA:51,5
DA:52,1
DA:53,1
DA:54,1
DA:55,1
DA:61,5
DA:62,1
DA:63,1
DA:64,1
DA:65,1
DA:70,1
DA:85,0
DA:87,0
DA:88,0
DA:90,0
DA:91,0
DA:92,0
DA:94,0
DA:95,0
DA:96,0
DA:97,0
DA:100,0
DA:101,0
DA:102,0
DA:103,0
DA:104,0
DA:106,0
DA:112,0
DA:113,0
DA:114,0
DA:117,0
DA:118,0
DA:119,0
DA:121,0
DA:122,0
DA:125,0
DA:126,0
DA:129,0
DA:131,0
DA:143,2
DA:148,2
DA:157,4
DA:158,5
DA:159,2
DA:160,2
DA:161,1
DA:162,1
DA:164,1
LF:60
LH:32
BRDA:26,0,0,3
BRDA:26,0,1,14
BRDA:42,1,0,4
BRDA:42,2,0,5
BRDA:42,3,0,5
BRDA:46,4,0,1
BRDA:46,4,1,4
BRDA:46,5,0,5
BRDA:46,5,1,2
BRDA:51,6,0,1
BRDA:51,6,1,4
BRDA:52,7,0,1
BRDA:52,7,1,0
BRDA:54,8,0,1
BRDA:54,8,1,0
BRDA:61,9,0,1
BRDA:61,9,1,4
BRDA:62,10,0,1
BRDA:62,10,1,0
BRDA:64,11,0,1
BRDA:64,11,1,0
BRDA:84,12,0,0
BRDA:101,13,0,0
BRDA:101,13,1,0
BRDA:101,14,0,0
BRDA:101,14,1,0
BRDA:121,15,0,0
BRDA:121,15,1,0
BRDA:125,16,0,0
BRDA:125,16,1,0
BRDA:146,17,0,1
BRDA:146,17,1,1
BRDA:160,18,0,1
BRDA:160,18,1,1
BRDA:160,19,0,2
BRDA:160,19,1,2
BRDA:161,20,0,1
BRDA:161,20,1,0
BRF:38
BRH:24
end_of_record
TN:
SF:storage-utils.js
FN:23,checkStorageQuota
FN:69,checkSpaceForDuration
FN:107,getStorageInfo
FN:136,requestPersistentStorage
FNF:4
FNH:4
FNDA:4,checkStorageQuota
FNDA:3,checkSpaceForDuration
FNDA:3,getStorageInfo
FNDA:5,requestPersistentStorage
DA:6,1
DA:10,1
DA:17,1
DA:24,4
DA:25,4
DA:28,1
DA:29,1
DA:32,3
DA:33,2
DA:34,2
DA:35,2
DA:37,2
DA:44,2
DA:45,1
DA:46,1
DA:47,1
DA:56,1
DA:58,1
DA:60,1
DA:70,3
DA:71,3
DA:72,1
DA:75,2
DA:76,2
DA:77,2
DA:79,2
DA:85,2
DA:86,1
DA:87,1
DA:88,1
DA:96,1
DA:98,0
DA:99,0
DA:108,3
DA:109,3
DA:110,1
DA:113,2
DA:114,1
DA:115,1
DA:116,1
DA:118,1
DA:127,1
DA:128,1
DA:137,5
DA:138,5
DA:139,2
DA:140,2
DA:143,3
DA:144,3
DA:145,1
DA:146,1
DA:149,2
DA:150,2
DA:151,1
DA:153,1
DA:155,2
DA:157,0
DA:158,0
LF:58
LH:54
BRDA:25,0,0,1
BRDA:25,0,1,3
BRDA:25,1,0,4
BRDA:25,1,1,3
BRDA:33,2,0,2
BRDA:33,2,1,0
BRDA:34,3,0,2
BRDA:34,3,1,0
BRDA:44,4,0,1
BRDA:44,4,1,1
BRDA:71,5,0,1
BRDA:71,5,1,2
BRDA:71,6,0,3
BRDA:71,6,1,2
BRDA:76,7,0,2
BRDA:76,7,1,0
BRDA:76,8,0,2
BRDA:76,8,1,0
BRDA:85,9,0,1
BRDA:85,9,1,1
BRDA:109,10,0,1
BRDA:109,10,1,2
BRDA:109,11,0,3
BRDA:109,11,1,2
BRDA:114,12,0,1
BRDA:114,12,1,0
BRDA:115,13,0,1
BRDA:115,13,1,0
BRDA:116,14,0,1
BRDA:116,14,1,0
BRDA:138,15,0,2
BRDA:138,15,1,3
BRDA:138,16,0,5
BRDA:138,16,1,4
BRDA:144,17,0,1
BRDA:144,17,1,2
BRDA:150,18,0,1
BRDA:150,18,1,1
BRF:38
BRH:31
end_of_record
